-------------------------------------------------------------------------------
Test set: com.witcher.bestiary.MonsterResourceIntegrationTest
-------------------------------------------------------------------------------
Tests run: 4, Failures: 0, Errors: 4, Skipped: 0, Time elapsed: 2.652 s <<< FAILURE! - in com.witcher.bestiary.MonsterResourceIntegrationTest
com.witcher.bestiary.MonsterResourceIntegrationTest.testAddMonster  Time elapsed: 0.032 s  <<< ERROR!
java.lang.NullPointerException: environment
	at java.base/java.util.Objects.requireNonNull(Objects.java:259)
	at io.dropwizard.testing.DropwizardTestSupport.getEnvironment(DropwizardTestSupport.java:349)
	at io.dropwizard.testing.DropwizardTestSupport.getObjectMapper(DropwizardTestSupport.java:353)
	at io.dropwizard.testing.junit5.DropwizardAppExtension.getObjectMapper(DropwizardAppExtension.java:233)
	at io.dropwizard.testing.junit5.DropwizardAppExtension.clientBuilder(DropwizardAppExtension.java:275)
	at io.dropwizard.testing.junit5.DropwizardAppExtension.client(DropwizardAppExtension.java:262)
	at com.witcher.bestiary.MonsterResourceIntegrationTest.testAddMonster(MonsterResourceIntegrationTest.java:89)
	at java.base/java.lang.reflect.Method.invoke(Method.java:580)
	at java.base/java.util.ArrayList.forEach(ArrayList.java:1596)
	at java.base/java.util.ArrayList.forEach(ArrayList.java:1596)

com.witcher.bestiary.MonsterResourceIntegrationTest.testGetAllMonsters  Time elapsed: 0.001 s  <<< ERROR!
java.lang.NullPointerException: environment
	at java.base/java.util.Objects.requireNonNull(Objects.java:259)
	at io.dropwizard.testing.DropwizardTestSupport.getEnvironment(DropwizardTestSupport.java:349)
	at io.dropwizard.testing.DropwizardTestSupport.getObjectMapper(DropwizardTestSupport.java:353)
	at io.dropwizard.testing.junit5.DropwizardAppExtension.getObjectMapper(DropwizardAppExtension.java:233)
	at io.dropwizard.testing.junit5.DropwizardAppExtension.clientBuilder(DropwizardAppExtension.java:275)
	at io.dropwizard.testing.junit5.DropwizardAppExtension.client(DropwizardAppExtension.java:262)
	at com.witcher.bestiary.MonsterResourceIntegrationTest.testGetAllMonsters(MonsterResourceIntegrationTest.java:99)
	at java.base/java.lang.reflect.Method.invoke(Method.java:580)
	at java.base/java.util.ArrayList.forEach(ArrayList.java:1596)
	at java.base/java.util.ArrayList.forEach(ArrayList.java:1596)

com.witcher.bestiary.MonsterResourceIntegrationTest.testUpdateMonster  Time elapsed: 0.001 s  <<< ERROR!
java.lang.NullPointerException: environment
	at java.base/java.util.Objects.requireNonNull(Objects.java:259)
	at io.dropwizard.testing.DropwizardTestSupport.getEnvironment(DropwizardTestSupport.java:349)
	at io.dropwizard.testing.DropwizardTestSupport.getObjectMapper(DropwizardTestSupport.java:353)
	at io.dropwizard.testing.junit5.DropwizardAppExtension.getObjectMapper(DropwizardAppExtension.java:233)
	at io.dropwizard.testing.junit5.DropwizardAppExtension.clientBuilder(DropwizardAppExtension.java:275)
	at io.dropwizard.testing.junit5.DropwizardAppExtension.client(DropwizardAppExtension.java:262)
	at com.witcher.bestiary.MonsterResourceIntegrationTest.testUpdateMonster(MonsterResourceIntegrationTest.java:113)
	at java.base/java.lang.reflect.Method.invoke(Method.java:580)
	at java.base/java.util.ArrayList.forEach(ArrayList.java:1596)
	at java.base/java.util.ArrayList.forEach(ArrayList.java:1596)

com.witcher.bestiary.MonsterResourceIntegrationTest.testDeleteMonster  Time elapsed: 0.001 s  <<< ERROR!
java.lang.NullPointerException: environment
	at java.base/java.util.Objects.requireNonNull(Objects.java:259)
	at io.dropwizard.testing.DropwizardTestSupport.getEnvironment(DropwizardTestSupport.java:349)
	at io.dropwizard.testing.DropwizardTestSupport.getObjectMapper(DropwizardTestSupport.java:353)
	at io.dropwizard.testing.junit5.DropwizardAppExtension.getObjectMapper(DropwizardAppExtension.java:233)
	at io.dropwizard.testing.junit5.DropwizardAppExtension.clientBuilder(DropwizardAppExtension.java:275)
	at io.dropwizard.testing.junit5.DropwizardAppExtension.client(DropwizardAppExtension.java:262)
	at com.witcher.bestiary.MonsterResourceIntegrationTest.testDeleteMonster(MonsterResourceIntegrationTest.java:123)
	at java.base/java.lang.reflect.Method.invoke(Method.java:580)
	at java.base/java.util.ArrayList.forEach(ArrayList.java:1596)
	at java.base/java.util.ArrayList.forEach(ArrayList.java:1596)

