<?xml version="1.0" encoding="UTF-8"?>
<testsuite xmlns:xsi="http://www.w3.org/2001/XMLSchema-instance" xsi:noNamespaceSchemaLocation="https://maven.apache.org/surefire/maven-surefire-plugin/xsd/surefire-test-report-3.0.xsd" version="3.0" name="com.witcher.bestiary.MonsterResourceIntegrationTest" time="2.652" tests="4" errors="4" skipped="0" failures="0">
  <properties>
[...]
</properties>
  <testcase name="testAddMonster" classname="com.witcher.bestiary.MonsterResourceIntegrationTest" time="0.032">
    <error message="environment" type="java.lang.NullPointerException"><![CDATA[java.lang.NullPointerException: environment
	at java.base/java.util.Objects.requireNonNull(Objects.java:259)
	at io.dropwizard.testing.DropwizardTestSupport.getEnvironment(DropwizardTestSupport.java:349)
	at io.dropwizard.testing.DropwizardTestSupport.getObjectMapper(DropwizardTestSupport.java:353)
	at io.dropwizard.testing.junit5.DropwizardAppExtension.getObjectMapper(DropwizardAppExtension.java:233)
	at io.dropwizard.testing.junit5.DropwizardAppExtension.clientBuilder(DropwizardAppExtension.java:275)
	at io.dropwizard.testing.junit5.DropwizardAppExtension.client(DropwizardAppExtension.java:262)
	at com.witcher.bestiary.MonsterResourceIntegrationTest.testAddMonster(MonsterResourceIntegrationTest.java:89)
	at java.base/java.lang.reflect.Method.invoke(Method.java:580)
	at java.base/java.util.ArrayList.forEach(ArrayList.java:1596)
	at java.base/java.util.ArrayList.forEach(ArrayList.java:1596)
]]></error>
    <system-out><![CDATA[10:40:19.133 [main] DEBUG org.testcontainers.utility.TestcontainersConfiguration -- Testcontainers configuration overrides will be loaded from file:/Users/shane/.testcontainers.properties
10:40:19.137 [main] INFO org.testcontainers.images.PullPolicy -- Image pull policy will be performed by: DefaultPullPolicy()
10:40:19.138 [main] INFO org.testcontainers.utility.ImageNameSubstitutor -- Image name substitution will be performed by: DefaultImageNameSubstitutor (composite of 'ConfigurationFileImageNameSubstitutor' and 'PrefixingImageNameSubstitutor')
10:40:19.462 [main] INFO org.testcontainers.dockerclient.DockerClientProviderStrategy -- Loaded org.testcontainers.dockerclient.UnixSocketClientProviderStrategy from ~/.testcontainers.properties, will try it first
10:40:19.465 [main] DEBUG org.testcontainers.dockerclient.DockerClientProviderStrategy -- Trying out strategy: UnixSocketClientProviderStrategy
10:40:19.466 [main] DEBUG org.testcontainers.dockerclient.DockerClientProviderStrategy -- UnixSocketClientProviderStrategy: failed with exception InvalidConfigurationException (Could not find unix domain socket). Root cause NoSuchFileException (/var/run/docker.sock)
10:40:19.466 [main] DEBUG org.testcontainers.dockerclient.DockerClientProviderStrategy -- Trying out strategy: DockerDesktopClientProviderStrategy
10:40:19.467 [main] DEBUG org.testcontainers.dockerclient.DockerDesktopClientProviderStrategy -- '/Users/shane/.docker/desktop' does not exist.
10:40:19.530 [main] DEBUG org.testcontainers.shaded.com.github.dockerjava.core.command.AbstrDockerCmd -- Cmd: 
10:40:19.540 [main] DEBUG com.github.dockerjava.zerodep.shaded.org.apache.hc.client5.http.impl.classic.InternalHttpClient -- ex-00000001: preparing request execution
10:40:19.541 [main] DEBUG com.github.dockerjava.zerodep.shaded.org.apache.hc.client5.http.protocol.RequestAddCookies -- Cookie spec selected: strict
10:40:19.543 [main] DEBUG com.github.dockerjava.zerodep.shaded.org.apache.hc.client5.http.protocol.RequestAuthCache -- Auth cache not set in the context
10:40:19.543 [main] DEBUG com.github.dockerjava.zerodep.shaded.org.apache.hc.client5.http.impl.classic.ProtocolExec -- ex-00000001: target auth state: UNCHALLENGED
10:40:19.543 [main] DEBUG com.github.dockerjava.zerodep.shaded.org.apache.hc.client5.http.impl.classic.ProtocolExec -- ex-00000001: proxy auth state: UNCHALLENGED
10:40:19.543 [main] DEBUG com.github.dockerjava.zerodep.shaded.org.apache.hc.client5.http.impl.classic.ConnectExec -- ex-00000001: acquiring connection with route {}->unix://localhost:2375
10:40:19.543 [main] DEBUG com.github.dockerjava.zerodep.shaded.org.apache.hc.client5.http.impl.classic.InternalHttpClient -- ex-00000001: acquiring endpoint (3 MINUTES)
10:40:19.544 [main] DEBUG com.github.dockerjava.zerodep.shaded.org.apache.hc.client5.http.impl.io.PoolingHttpClientConnectionManager -- ex-00000001: endpoint lease request (3 MINUTES) [route: {}->unix://localhost:2375][total available: 0; route allocated: 0 of 2147483647; total allocated: 0 of 2147483647]
10:40:19.545 [main] DEBUG com.github.dockerjava.zerodep.shaded.org.apache.hc.client5.http.impl.io.PoolingHttpClientConnectionManager -- ex-00000001: endpoint leased [route: {}->unix://localhost:2375][total available: 0; route allocated: 1 of 2147483647; total allocated: 1 of 2147483647]
10:40:19.549 [main] DEBUG com.github.dockerjava.zerodep.shaded.org.apache.hc.client5.http.impl.io.PoolingHttpClientConnectionManager -- ex-00000001: acquired ep-00000000
10:40:19.549 [main] DEBUG com.github.dockerjava.zerodep.shaded.org.apache.hc.client5.http.impl.classic.InternalHttpClient -- ex-00000001: acquired endpoint ep-00000000
10:40:19.549 [main] DEBUG com.github.dockerjava.zerodep.shaded.org.apache.hc.client5.http.impl.classic.ConnectExec -- ex-00000001: opening connection {}->unix://localhost:2375
10:40:19.550 [main] DEBUG com.github.dockerjava.zerodep.shaded.org.apache.hc.client5.http.impl.classic.InternalHttpClient -- ep-00000000: connecting endpoint (3 MINUTES)
10:40:19.550 [main] DEBUG com.github.dockerjava.zerodep.shaded.org.apache.hc.client5.http.impl.io.PoolingHttpClientConnectionManager -- ep-00000000: connecting endpoint to unix://localhost:2375 (3 MINUTES)
10:40:19.555 [main] DEBUG com.github.dockerjava.zerodep.shaded.org.apache.hc.client5.http.impl.io.DefaultHttpClientConnectionOperator -- http-outgoing-0: connecting to localhost/127.0.0.1:2375
10:40:19.556 [main] DEBUG com.github.dockerjava.zerodep.shaded.org.apache.hc.client5.http.impl.io.DefaultHttpClientConnectionOperator -- http-outgoing-0: connection established /Users/shane/.docker/run/docker.sock<->/Users/shane/.docker/run/docker.sock
10:40:19.556 [main] DEBUG com.github.dockerjava.zerodep.shaded.org.apache.hc.client5.http.impl.io.PoolingHttpClientConnectionManager -- ep-00000000: connected http-outgoing-0
10:40:19.556 [main] DEBUG com.github.dockerjava.zerodep.shaded.org.apache.hc.client5.http.impl.classic.InternalHttpClient -- ep-00000000: endpoint connected
10:40:19.556 [main] DEBUG com.github.dockerjava.zerodep.shaded.org.apache.hc.client5.http.impl.classic.MainClientExec -- ex-00000001: executing GET /v1.32/info HTTP/1.1
10:40:19.557 [main] DEBUG com.github.dockerjava.zerodep.shaded.org.apache.hc.client5.http.impl.classic.InternalHttpClient -- ep-00000000: start execution ex-00000001
10:40:19.557 [main] DEBUG com.github.dockerjava.zerodep.shaded.org.apache.hc.client5.http.impl.io.PoolingHttpClientConnectionManager -- ep-00000000: executing exchange ex-00000001 over http-outgoing-0
10:40:19.557 [main] DEBUG com.github.dockerjava.zerodep.shaded.org.apache.hc.client5.http.headers -- http-outgoing-0 >> GET /v1.32/info HTTP/1.1
10:40:19.557 [main] DEBUG com.github.dockerjava.zerodep.shaded.org.apache.hc.client5.http.headers -- http-outgoing-0 >> x-tc-sid: f19e918b-ee3a-49e9-843b-bb73ce2bb29f
10:40:19.557 [main] DEBUG com.github.dockerjava.zerodep.shaded.org.apache.hc.client5.http.headers -- http-outgoing-0 >> User-Agent: tc-java/1.19.5
10:40:19.557 [main] DEBUG com.github.dockerjava.zerodep.shaded.org.apache.hc.client5.http.headers -- http-outgoing-0 >> Accept-Encoding: gzip, x-gzip, deflate
10:40:19.557 [main] DEBUG com.github.dockerjava.zerodep.shaded.org.apache.hc.client5.http.headers -- http-outgoing-0 >> Host: localhost:2375
10:40:19.557 [main] DEBUG com.github.dockerjava.zerodep.shaded.org.apache.hc.client5.http.headers -- http-outgoing-0 >> Connection: keep-alive
10:40:19.557 [main] DEBUG com.github.dockerjava.zerodep.shaded.org.apache.hc.client5.http.wire -- http-outgoing-0 >> "GET /v1.32/info HTTP/1.1[\r][\n]"
10:40:19.557 [main] DEBUG com.github.dockerjava.zerodep.shaded.org.apache.hc.client5.http.wire -- http-outgoing-0 >> "x-tc-sid: f19e918b-ee3a-49e9-843b-bb73ce2bb29f[\r][\n]"
10:40:19.557 [main] DEBUG com.github.dockerjava.zerodep.shaded.org.apache.hc.client5.http.wire -- http-outgoing-0 >> "User-Agent: tc-java/1.19.5[\r][\n]"
10:40:19.557 [main] DEBUG com.github.dockerjava.zerodep.shaded.org.apache.hc.client5.http.wire -- http-outgoing-0 >> "Accept-Encoding: gzip, x-gzip, deflate[\r][\n]"
10:40:19.557 [main] DEBUG com.github.dockerjava.zerodep.shaded.org.apache.hc.client5.http.wire -- http-outgoing-0 >> "Host: localhost:2375[\r][\n]"
10:40:19.557 [main] DEBUG com.github.dockerjava.zerodep.shaded.org.apache.hc.client5.http.wire -- http-outgoing-0 >> "Connection: keep-alive[\r][\n]"
10:40:19.558 [main] DEBUG com.github.dockerjava.zerodep.shaded.org.apache.hc.client5.http.wire -- http-outgoing-0 >> "[\r][\n]"
10:40:19.567 [main] DEBUG com.github.dockerjava.zerodep.shaded.org.apache.hc.client5.http.wire -- http-outgoing-0 << "HTTP/1.1 200 OK[\r][\n]"
10:40:19.567 [main] DEBUG com.github.dockerjava.zerodep.shaded.org.apache.hc.client5.http.wire -- http-outgoing-0 << "Api-Version: 1.47[\r][\n]"
10:40:19.568 [main] DEBUG com.github.dockerjava.zerodep.shaded.org.apache.hc.client5.http.wire -- http-outgoing-0 << "Content-Type: application/json[\r][\n]"
10:40:19.568 [main] DEBUG com.github.dockerjava.zerodep.shaded.org.apache.hc.client5.http.wire -- http-outgoing-0 << "Date: Sat, 23 Nov 2024 18:40:19 GMT[\r][\n]"
10:40:19.568 [main] DEBUG com.github.dockerjava.zerodep.shaded.org.apache.hc.client5.http.wire -- http-outgoing-0 << "Docker-Experimental: false[\r][\n]"
10:40:19.568 [main] DEBUG com.github.dockerjava.zerodep.shaded.org.apache.hc.client5.http.wire -- http-outgoing-0 << "Ostype: linux[\r][\n]"
10:40:19.568 [main] DEBUG com.github.dockerjava.zerodep.shaded.org.apache.hc.client5.http.wire -- http-outgoing-0 << "Server: Docker/27.2.0 (linux)[\r][\n]"
10:40:19.568 [main] DEBUG com.github.dockerjava.zerodep.shaded.org.apache.hc.client5.http.wire -- http-outgoing-0 << "Transfer-Encoding: chunked[\r][\n]"
10:40:19.568 [main] DEBUG com.github.dockerjava.zerodep.shaded.org.apache.hc.client5.http.wire -- http-outgoing-0 << "[\r][\n]"
10:40:19.569 [main] DEBUG com.github.dockerjava.zerodep.shaded.org.apache.hc.client5.http.headers -- http-outgoing-0 << HTTP/1.1 200 OK
10:40:19.569 [main] DEBUG com.github.dockerjava.zerodep.shaded.org.apache.hc.client5.http.headers -- http-outgoing-0 << Api-Version: 1.47
10:40:19.569 [main] DEBUG com.github.dockerjava.zerodep.shaded.org.apache.hc.client5.http.headers -- http-outgoing-0 << Content-Type: application/json
10:40:19.569 [main] DEBUG com.github.dockerjava.zerodep.shaded.org.apache.hc.client5.http.headers -- http-outgoing-0 << Date: Sat, 23 Nov 2024 18:40:19 GMT
10:40:19.569 [main] DEBUG com.github.dockerjava.zerodep.shaded.org.apache.hc.client5.http.headers -- http-outgoing-0 << Docker-Experimental: false
10:40:19.569 [main] DEBUG com.github.dockerjava.zerodep.shaded.org.apache.hc.client5.http.headers -- http-outgoing-0 << Ostype: linux
10:40:19.569 [main] DEBUG com.github.dockerjava.zerodep.shaded.org.apache.hc.client5.http.headers -- http-outgoing-0 << Server: Docker/27.2.0 (linux)
10:40:19.569 [main] DEBUG com.github.dockerjava.zerodep.shaded.org.apache.hc.client5.http.headers -- http-outgoing-0 << Transfer-Encoding: chunked
10:40:19.570 [main] DEBUG com.github.dockerjava.zerodep.shaded.org.apache.hc.client5.http.impl.classic.MainClientExec -- ex-00000001: connection can be kept alive for 3 MINUTES
10:40:19.572 [main] DEBUG com.github.dockerjava.zerodep.shaded.org.apache.hc.client5.http.wire -- http-outgoing-0 << "a09[\r][\n]"
10:40:19.572 [main] DEBUG com.github.dockerjava.zerodep.shaded.org.apache.hc.client5.http.wire -- http-outgoing-0 << "{"ID":"b01eaa04-2eb7-443d-a9b0-ea160d2bdd39","Containers":7,"ContainersRunning":0,"ContainersPaused":0,"ContainersStopped":7,"Images":67,"Driver":"overlay2","DriverStatus":[["Backing Filesystem","extfs"],["Supports d_type","true"],["Using metacopy","false"],["Native Overlay Diff","true"],["userxattr","false"]],"Plugins":{"Volume":["local"],"Network":["bridge","host","ipvlan","macvlan","null","overlay"],"Authorization":null,"Log":["awslogs","fluentd","gcplogs","gelf","journald","json-file","local","splunk","syslog"]},"MemoryLimit":true,"SwapLimit":true,"CpuCfsPeriod":true,"CpuCfsQuota":true,"CPUShares":true,"CPUSet":true,"PidsLimit":true,"IPv4Forwarding":true,"BridgeNfIptables":true,"BridgeNfIp6tables":true,"Debug":false,"NFd":53,"OomKillDisable":false,"NGoroutines":80,"SystemTime":"2024-11-23T18:40:19.560196971Z","LoggingDriver":"json-file","CgroupDriver":"cgroupfs","CgroupVersion":"2","NEventsListener":16,"KernelVersion":"6.10.4-linuxkit","OperatingSystem":"Docker Desktop","OSVersion":"","OSType":"linux","Architecture":"aarch64","IndexServerAddress":"https://index.docker.io/v1/","RegistryConfig":{"AllowNondistributableArtifactsCIDRs":null,"AllowNondistributableArtifactsHostnames":null,"InsecureRegistryCIDRs":["127.0.0.0/8"],"IndexConfigs":{"docker.io":{"Name":"docker.io","Mirrors":[],"Secure":true,"Official":true},"hubproxy.docker.internal:5555":{"Name":"hubproxy.docker.internal:5555","Mirrors":[],"Secure":false,"Official":false}},"Mirrors":null},"NCPU":4,"MemTotal":4111876096,"GenericResources":null,"DockerRootDir":"/var/lib/docker","HttpProxy":"http.docker.internal:3128","HttpsProxy":"http.docker.internal:3128","NoProxy":"hubproxy.docker.internal","Name":"docker-desktop","Labels":["com.docker.desktop.address=unix:///Users/shane/Library/Containers/com.docker.docker/Data/docker-cli.sock"],"ExperimentalBuild":false,"ServerVersion":"27.2.0","Runtimes":{"io.containerd.runc.v2":{"path":"runc"},"runc":{"path":"runc"}},"DefaultRuntime":"runc","Swarm":{"NodeID":"","NodeAddr":"","LocalNodeState":"inactive","ControlAvailable":false,"Error":"","RemoteManagers":null},"LiveRestoreEnabled":false,"Isolation":"","InitBinary":"docker-init","ContainerdCommit":{"ID":"8fc6bcff51318944179630522a095cc9dbf9f353","Expected":"8fc6bcff51318944179630522a095cc9dbf9f353"},"RuncCommit":{"ID":"v1.1.13-0-g58aa920","Expected":"v1.1.13-0-g58aa920"},"InitCommit":{"ID":"de40ad0","Expected":"de40ad0"},"SecurityOptions":["name=seccomp,profile=unconfined","name=cgroupns"],"CDISpecDirs":[],"Warnings":["WARNING: daemon is not using the default seccomp profile"]}[\r][\n]"
10:40:19.572 [main] DEBUG com.github.dockerjava.zerodep.shaded.org.apache.hc.client5.http.wire -- http-outgoing-0 << "0[\r][\n]"
10:40:19.572 [main] DEBUG com.github.dockerjava.zerodep.shaded.org.apache.hc.client5.http.wire -- http-outgoing-0 << "[\r][\n]"
10:40:19.596 [main] DEBUG com.github.dockerjava.zerodep.shaded.org.apache.hc.client5.http.impl.classic.InternalHttpClient -- ep-00000000: releasing valid endpoint
10:40:19.596 [main] DEBUG com.github.dockerjava.zerodep.shaded.org.apache.hc.client5.http.impl.io.PoolingHttpClientConnectionManager -- ep-00000000: releasing endpoint
10:40:19.596 [main] DEBUG com.github.dockerjava.zerodep.shaded.org.apache.hc.client5.http.impl.io.PoolingHttpClientConnectionManager -- ep-00000000: connection http-outgoing-0 can be kept alive for 3 MINUTES
10:40:19.596 [main] DEBUG com.github.dockerjava.zerodep.shaded.org.apache.hc.client5.http.impl.io.PoolingHttpClientConnectionManager -- ep-00000000: connection released [route: {}->unix://localhost:2375][total available: 1; route allocated: 1 of 2147483647; total allocated: 1 of 2147483647]
10:40:19.597 [main] INFO org.testcontainers.dockerclient.DockerClientProviderStrategy -- Found Docker environment with Docker accessed via Unix socket (/Users/shane/.docker/run/docker.sock)
10:40:19.597 [main] DEBUG org.testcontainers.dockerclient.DockerClientProviderStrategy -- Transport type: 'httpclient5', Docker host: 'unix:///Users/shane/.docker/run/docker.sock'
10:40:19.597 [main] DEBUG org.testcontainers.dockerclient.DockerClientProviderStrategy -- Checking Docker OS type for Docker accessed via Unix socket (/Users/shane/.docker/run/docker.sock)
10:40:19.597 [main] INFO org.testcontainers.DockerClientFactory -- Docker host IP address is localhost
10:40:19.597 [main] DEBUG org.testcontainers.DockerClientFactory -- Docker info: {CDISpecDirs=[], NGoroutines=80, Name=docker-desktop, Swarm={NodeID=, NodeAddr=, LocalNodeState=inactive, ControlAvailable=false, Error=, RemoteManagers=null}, RuncCommit={ID=v1.1.13-0-g58aa920, Expected=v1.1.13-0-g58aa920}, OSVersion=, Runtimes={io.containerd.runc.v2={path=runc}, runc={path=runc}}, ID=b01eaa04-2eb7-443d-a9b0-ea160d2bdd39, DriverStatus=[[Backing Filesystem, extfs], [Supports d_type, true], [Using metacopy, false], [Native Overlay Diff, true], [userxattr, false]], BridgeNfIptables=true, LiveRestoreEnabled=false, SystemTime=2024-11-23T18:40:19.560196971Z, NoProxy=hubproxy.docker.internal, Architecture=aarch64, NEventsListener=16, HttpsProxy=http.docker.internal:3128, Images=67, ContainersRunning=0, Labels=[com.docker.desktop.address=unix:///Users/shane/Library/Containers/com.docker.docker/Data/docker-cli.sock], InitCommit={ID=de40ad0, Expected=de40ad0}, NFd=53, KernelVersion=6.10.4-linuxkit, LoggingDriver=json-file, OSType=linux, SecurityOptions=[name=seccomp,profile=unconfined, name=cgroupns], ContainerdCommit={ID=8fc6bcff51318944179630522a095cc9dbf9f353, Expected=8fc6bcff51318944179630522a095cc9dbf9f353}, GenericResources=null, OperatingSystem=Docker Desktop, RegistryConfig={AllowNondistributableArtifactsCIDRs=null, AllowNondistributableArtifactsHostnames=null, InsecureRegistryCIDRs=[127.0.0.0/8], IndexConfigs={docker.io={Name=docker.io, Mirrors=[], Secure=true, Official=true}, hubproxy.docker.internal:5555={Name=hubproxy.docker.internal:5555, Mirrors=[], Secure=false, Official=false}}, Mirrors=null}, ServerVersion=27.2.0, OomKillDisable=false, CpuCfsQuota=true, Containers=7, Driver=overlay2, IPv4Forwarding=true, ExperimentalBuild=false, DockerRootDir=/var/lib/docker, CPUSet=true, CpuCfsPeriod=true, DefaultRuntime=runc, CPUShares=true, Debug=false, NCPU=4, Plugins={Volume=[local], Network=[bridge, host, ipvlan, macvlan, null, overlay], Authorization=null, Log=[awslogs, fluentd, gcplogs, gelf, journald, json-file, local, splunk, syslog]}, SwapLimit=true, CgroupDriver=cgroupfs, ContainersPaused=0, MemTotal=4111876096, IndexServerAddress=https://index.docker.io/v1/, MemoryLimit=true, HttpProxy=http.docker.internal:3128, InitBinary=docker-init, CgroupVersion=2, PidsLimit=true, Isolation=, BridgeNfIp6tables=true, Warnings=[WARNING: daemon is not using the default seccomp profile], ContainersStopped=7}
10:40:19.599 [main] DEBUG org.testcontainers.shaded.com.github.dockerjava.core.command.AbstrDockerCmd -- Cmd: 
10:40:19.599 [main] DEBUG com.github.dockerjava.zerodep.shaded.org.apache.hc.client5.http.impl.classic.InternalHttpClient -- ex-00000002: preparing request execution
10:40:19.599 [main] DEBUG com.github.dockerjava.zerodep.shaded.org.apache.hc.client5.http.protocol.RequestAddCookies -- Cookie spec selected: strict
10:40:19.599 [main] DEBUG com.github.dockerjava.zerodep.shaded.org.apache.hc.client5.http.protocol.RequestAuthCache -- Auth cache not set in the context
10:40:19.599 [main] DEBUG com.github.dockerjava.zerodep.shaded.org.apache.hc.client5.http.impl.classic.ProtocolExec -- ex-00000002: target auth state: UNCHALLENGED
10:40:19.599 [main] DEBUG com.github.dockerjava.zerodep.shaded.org.apache.hc.client5.http.impl.classic.ProtocolExec -- ex-00000002: proxy auth state: UNCHALLENGED
10:40:19.599 [main] DEBUG com.github.dockerjava.zerodep.shaded.org.apache.hc.client5.http.impl.classic.ConnectExec -- ex-00000002: acquiring connection with route {}->unix://localhost:2375
10:40:19.600 [main] DEBUG com.github.dockerjava.zerodep.shaded.org.apache.hc.client5.http.impl.classic.InternalHttpClient -- ex-00000002: acquiring endpoint (3 MINUTES)
10:40:19.600 [main] DEBUG com.github.dockerjava.zerodep.shaded.org.apache.hc.client5.http.impl.io.PoolingHttpClientConnectionManager -- ex-00000002: endpoint lease request (3 MINUTES) [route: {}->unix://localhost:2375][total available: 1; route allocated: 1 of 2147483647; total allocated: 1 of 2147483647]
10:40:19.600 [main] DEBUG com.github.dockerjava.zerodep.shaded.org.apache.hc.client5.http.impl.io.PoolingHttpClientConnectionManager -- ex-00000002: endpoint leased [route: {}->unix://localhost:2375][total available: 0; route allocated: 1 of 2147483647; total allocated: 1 of 2147483647]
10:40:19.600 [main] DEBUG com.github.dockerjava.zerodep.shaded.org.apache.hc.client5.http.impl.io.PoolingHttpClientConnectionManager -- ex-00000002: acquired ep-00000001
10:40:19.600 [main] DEBUG com.github.dockerjava.zerodep.shaded.org.apache.hc.client5.http.impl.classic.InternalHttpClient -- ex-00000002: acquired endpoint ep-00000001
10:40:19.600 [main] DEBUG com.github.dockerjava.zerodep.shaded.org.apache.hc.client5.http.impl.classic.MainClientExec -- ex-00000002: executing GET /v1.32/version HTTP/1.1
10:40:19.600 [main] DEBUG com.github.dockerjava.zerodep.shaded.org.apache.hc.client5.http.impl.classic.InternalHttpClient -- ep-00000001: start execution ex-00000002
10:40:19.600 [main] DEBUG com.github.dockerjava.zerodep.shaded.org.apache.hc.client5.http.impl.io.PoolingHttpClientConnectionManager -- ep-00000001: executing exchange ex-00000002 over http-outgoing-0
10:40:19.600 [main] DEBUG com.github.dockerjava.zerodep.shaded.org.apache.hc.client5.http.headers -- http-outgoing-0 >> GET /v1.32/version HTTP/1.1
10:40:19.600 [main] DEBUG com.github.dockerjava.zerodep.shaded.org.apache.hc.client5.http.headers -- http-outgoing-0 >> accept: application/json
10:40:19.600 [main] DEBUG com.github.dockerjava.zerodep.shaded.org.apache.hc.client5.http.headers -- http-outgoing-0 >> x-tc-sid: f19e918b-ee3a-49e9-843b-bb73ce2bb29f
10:40:19.600 [main] DEBUG com.github.dockerjava.zerodep.shaded.org.apache.hc.client5.http.headers -- http-outgoing-0 >> User-Agent: tc-java/1.19.5
10:40:19.600 [main] DEBUG com.github.dockerjava.zerodep.shaded.org.apache.hc.client5.http.headers -- http-outgoing-0 >> Accept-Encoding: gzip, x-gzip, deflate
10:40:19.600 [main] DEBUG com.github.dockerjava.zerodep.shaded.org.apache.hc.client5.http.headers -- http-outgoing-0 >> Host: localhost:2375
10:40:19.600 [main] DEBUG com.github.dockerjava.zerodep.shaded.org.apache.hc.client5.http.headers -- http-outgoing-0 >> Connection: keep-alive
10:40:19.600 [main] DEBUG com.github.dockerjava.zerodep.shaded.org.apache.hc.client5.http.wire -- http-outgoing-0 >> "GET /v1.32/version HTTP/1.1[\r][\n]"
10:40:19.600 [main] DEBUG com.github.dockerjava.zerodep.shaded.org.apache.hc.client5.http.wire -- http-outgoing-0 >> "accept: application/json[\r][\n]"
10:40:19.600 [main] DEBUG com.github.dockerjava.zerodep.shaded.org.apache.hc.client5.http.wire -- http-outgoing-0 >> "x-tc-sid: f19e918b-ee3a-49e9-843b-bb73ce2bb29f[\r][\n]"
10:40:19.600 [main] DEBUG com.github.dockerjava.zerodep.shaded.org.apache.hc.client5.http.wire -- http-outgoing-0 >> "User-Agent: tc-java/1.19.5[\r][\n]"
10:40:19.600 [main] DEBUG com.github.dockerjava.zerodep.shaded.org.apache.hc.client5.http.wire -- http-outgoing-0 >> "Accept-Encoding: gzip, x-gzip, deflate[\r][\n]"
10:40:19.600 [main] DEBUG com.github.dockerjava.zerodep.shaded.org.apache.hc.client5.http.wire -- http-outgoing-0 >> "Host: localhost:2375[\r][\n]"
10:40:19.600 [main] DEBUG com.github.dockerjava.zerodep.shaded.org.apache.hc.client5.http.wire -- http-outgoing-0 >> "Connection: keep-alive[\r][\n]"
10:40:19.601 [main] DEBUG com.github.dockerjava.zerodep.shaded.org.apache.hc.client5.http.wire -- http-outgoing-0 >> "[\r][\n]"
10:40:19.608 [main] DEBUG com.github.dockerjava.zerodep.shaded.org.apache.hc.client5.http.wire -- http-outgoing-0 << "HTTP/1.1 200 OK[\r][\n]"
10:40:19.608 [main] DEBUG com.github.dockerjava.zerodep.shaded.org.apache.hc.client5.http.wire -- http-outgoing-0 << "Api-Version: 1.47[\r][\n]"
10:40:19.608 [main] DEBUG com.github.dockerjava.zerodep.shaded.org.apache.hc.client5.http.wire -- http-outgoing-0 << "Content-Type: application/json[\r][\n]"
10:40:19.608 [main] DEBUG com.github.dockerjava.zerodep.shaded.org.apache.hc.client5.http.wire -- http-outgoing-0 << "Date: Sat, 23 Nov 2024 18:40:19 GMT[\r][\n]"
10:40:19.608 [main] DEBUG com.github.dockerjava.zerodep.shaded.org.apache.hc.client5.http.wire -- http-outgoing-0 << "Docker-Experimental: false[\r][\n]"
10:40:19.608 [main] DEBUG com.github.dockerjava.zerodep.shaded.org.apache.hc.client5.http.wire -- http-outgoing-0 << "Ostype: linux[\r][\n]"
10:40:19.608 [main] DEBUG com.github.dockerjava.zerodep.shaded.org.apache.hc.client5.http.wire -- http-outgoing-0 << "Server: Docker/27.2.0 (linux)[\r][\n]"
10:40:19.608 [main] DEBUG com.github.dockerjava.zerodep.shaded.org.apache.hc.client5.http.wire -- http-outgoing-0 << "Transfer-Encoding: chunked[\r][\n]"
10:40:19.608 [main] DEBUG com.github.dockerjava.zerodep.shaded.org.apache.hc.client5.http.wire -- http-outgoing-0 << "[\r][\n]"
10:40:19.608 [main] DEBUG com.github.dockerjava.zerodep.shaded.org.apache.hc.client5.http.headers -- http-outgoing-0 << HTTP/1.1 200 OK
10:40:19.608 [main] DEBUG com.github.dockerjava.zerodep.shaded.org.apache.hc.client5.http.headers -- http-outgoing-0 << Api-Version: 1.47
10:40:19.608 [main] DEBUG com.github.dockerjava.zerodep.shaded.org.apache.hc.client5.http.headers -- http-outgoing-0 << Content-Type: application/json
10:40:19.608 [main] DEBUG com.github.dockerjava.zerodep.shaded.org.apache.hc.client5.http.headers -- http-outgoing-0 << Date: Sat, 23 Nov 2024 18:40:19 GMT
10:40:19.608 [main] DEBUG com.github.dockerjava.zerodep.shaded.org.apache.hc.client5.http.headers -- http-outgoing-0 << Docker-Experimental: false
10:40:19.608 [main] DEBUG com.github.dockerjava.zerodep.shaded.org.apache.hc.client5.http.headers -- http-outgoing-0 << Ostype: linux
10:40:19.608 [main] DEBUG com.github.dockerjava.zerodep.shaded.org.apache.hc.client5.http.headers -- http-outgoing-0 << Server: Docker/27.2.0 (linux)
10:40:19.608 [main] DEBUG com.github.dockerjava.zerodep.shaded.org.apache.hc.client5.http.headers -- http-outgoing-0 << Transfer-Encoding: chunked
10:40:19.609 [main] DEBUG com.github.dockerjava.zerodep.shaded.org.apache.hc.client5.http.impl.classic.MainClientExec -- ex-00000002: connection can be kept alive for 3 MINUTES
10:40:19.609 [main] DEBUG com.github.dockerjava.zerodep.shaded.org.apache.hc.client5.http.wire -- http-outgoing-0 << "33b[\r][\n]"
10:40:19.609 [main] DEBUG com.github.dockerjava.zerodep.shaded.org.apache.hc.client5.http.wire -- http-outgoing-0 << "{"Platform":{"Name":"Docker Desktop 4.34.2 (167172)"},"Components":[{"Name":"Engine","Version":"27.2.0","Details":{"ApiVersion":"1.47","Arch":"arm64","BuildTime":"2024-08-27T14:15:41.000000000+00:00","Experimental":"false","GitCommit":"3ab5c7d","GoVersion":"go1.21.13","KernelVersion":"6.10.4-linuxkit","MinAPIVersion":"1.24","Os":"linux"}},{"Name":"containerd","Version":"1.7.20","Details":{"GitCommit":"8fc6bcff51318944179630522a095cc9dbf9f353"}},{"Name":"runc","Version":"1.1.13","Details":{"GitCommit":"v1.1.13-0-g58aa920"}},{"Name":"docker-init","Version":"0.19.0","Details":{"GitCommit":"de40ad0"}}],"Version":"27.2.0","ApiVersion":"1.47","MinAPIVersion":"1.24","GitCommit":"3ab5c7d","GoVersion":"go1.21.13","Os":"linux","Arch":"arm64","KernelVersion":"6.10.4-linuxkit","BuildTime":"2024-08-27T14:15:41.000000000+00:00"}[\n]"
10:40:19.609 [main] DEBUG com.github.dockerjava.zerodep.shaded.org.apache.hc.client5.http.wire -- http-outgoing-0 << "[\r][\n]"
10:40:19.609 [main] DEBUG com.github.dockerjava.zerodep.shaded.org.apache.hc.client5.http.wire -- http-outgoing-0 << "0[\r][\n]"
10:40:19.609 [main] DEBUG com.github.dockerjava.zerodep.shaded.org.apache.hc.client5.http.wire -- http-outgoing-0 << "[\r][\n]"
10:40:19.612 [main] DEBUG com.github.dockerjava.zerodep.shaded.org.apache.hc.client5.http.impl.classic.InternalHttpClient -- ep-00000001: releasing valid endpoint
10:40:19.612 [main] DEBUG com.github.dockerjava.zerodep.shaded.org.apache.hc.client5.http.impl.io.PoolingHttpClientConnectionManager -- ep-00000001: releasing endpoint
10:40:19.612 [main] DEBUG com.github.dockerjava.zerodep.shaded.org.apache.hc.client5.http.impl.io.PoolingHttpClientConnectionManager -- ep-00000001: connection http-outgoing-0 can be kept alive for 3 MINUTES
10:40:19.612 [main] DEBUG com.github.dockerjava.zerodep.shaded.org.apache.hc.client5.http.impl.io.PoolingHttpClientConnectionManager -- ep-00000001: connection released [route: {}->unix://localhost:2375][total available: 1; route allocated: 1 of 2147483647; total allocated: 1 of 2147483647]
10:40:19.612 [main] DEBUG org.testcontainers.DockerClientFactory -- Docker version: {Components=[{Name=Engine, Version=27.2.0, Details={ApiVersion=1.47, Arch=arm64, BuildTime=2024-08-27T14:15:41.000000000+00:00, Experimental=false, GitCommit=3ab5c7d, GoVersion=go1.21.13, KernelVersion=6.10.4-linuxkit, MinAPIVersion=1.24, Os=linux}}, {Name=containerd, Version=1.7.20, Details={GitCommit=8fc6bcff51318944179630522a095cc9dbf9f353}}, {Name=runc, Version=1.1.13, Details={GitCommit=v1.1.13-0-g58aa920}}, {Name=docker-init, Version=0.19.0, Details={GitCommit=de40ad0}}], KernelVersion=6.10.4-linuxkit, ApiVersion=1.47, Platform={Name=Docker Desktop 4.34.2 (167172)}, GitCommit=3ab5c7d, Os=linux, Version=27.2.0, MinAPIVersion=1.24, Arch=arm64, GoVersion=go1.21.13, BuildTime=2024-08-27T14:15:41.000000000+00:00}
10:40:19.612 [main] INFO org.testcontainers.DockerClientFactory -- Connected to docker: 
  Server Version: 27.2.0
  API Version: 1.47
  Operating System: Docker Desktop
  Total Memory: 3921 MB
10:40:19.617 [main] DEBUG org.testcontainers.utility.RyukResourceReaper -- Ryuk is enabled
10:40:19.618 [main] DEBUG org.testcontainers.utility.PrefixingImageNameSubstitutor -- No prefix is configured
10:40:19.618 [main] DEBUG org.testcontainers.utility.ImageNameSubstitutor -- Did not find a substitute image for testcontainers/ryuk:0.6.0 (using image substitutor: DefaultImageNameSubstitutor (composite of 'ConfigurationFileImageNameSubstitutor' and 'PrefixingImageNameSubstitutor'))
10:40:19.619 [main] DEBUG org.testcontainers.shaded.com.github.dockerjava.core.command.AbstrDockerCmd -- Cmd: ListImagesCmdImpl[filters=org.testcontainers.shaded.com.github.dockerjava.core.util.FiltersBuilder@0,imageNameFilter=<null>,showAll=false]
10:40:19.620 [main] DEBUG com.github.dockerjava.zerodep.shaded.org.apache.hc.client5.http.impl.classic.InternalHttpClient -- ex-00000003: preparing request execution
10:40:19.621 [main] DEBUG com.github.dockerjava.zerodep.shaded.org.apache.hc.client5.http.protocol.RequestAddCookies -- Cookie spec selected: strict
10:40:19.621 [main] DEBUG com.github.dockerjava.zerodep.shaded.org.apache.hc.client5.http.protocol.RequestAuthCache -- Auth cache not set in the context
10:40:19.621 [main] DEBUG com.github.dockerjava.zerodep.shaded.org.apache.hc.client5.http.impl.classic.ProtocolExec -- ex-00000003: target auth state: UNCHALLENGED
10:40:19.621 [main] DEBUG com.github.dockerjava.zerodep.shaded.org.apache.hc.client5.http.impl.classic.ProtocolExec -- ex-00000003: proxy auth state: UNCHALLENGED
10:40:19.621 [main] DEBUG com.github.dockerjava.zerodep.shaded.org.apache.hc.client5.http.impl.classic.ConnectExec -- ex-00000003: acquiring connection with route {}->unix://localhost:2375
10:40:19.621 [main] DEBUG com.github.dockerjava.zerodep.shaded.org.apache.hc.client5.http.impl.classic.InternalHttpClient -- ex-00000003: acquiring endpoint (3 MINUTES)
10:40:19.621 [main] DEBUG com.github.dockerjava.zerodep.shaded.org.apache.hc.client5.http.impl.io.PoolingHttpClientConnectionManager -- ex-00000003: endpoint lease request (3 MINUTES) [route: {}->unix://localhost:2375][total available: 1; route allocated: 1 of 2147483647; total allocated: 1 of 2147483647]
10:40:19.621 [main] DEBUG com.github.dockerjava.zerodep.shaded.org.apache.hc.client5.http.impl.io.PoolingHttpClientConnectionManager -- ex-00000003: endpoint leased [route: {}->unix://localhost:2375][total available: 0; route allocated: 1 of 2147483647; total allocated: 1 of 2147483647]
10:40:19.621 [main] DEBUG com.github.dockerjava.zerodep.shaded.org.apache.hc.client5.http.impl.io.PoolingHttpClientConnectionManager -- ex-00000003: acquired ep-00000002
10:40:19.621 [main] DEBUG com.github.dockerjava.zerodep.shaded.org.apache.hc.client5.http.impl.classic.InternalHttpClient -- ex-00000003: acquired endpoint ep-00000002
10:40:19.621 [main] DEBUG com.github.dockerjava.zerodep.shaded.org.apache.hc.client5.http.impl.classic.MainClientExec -- ex-00000003: executing GET /v1.32/images/json HTTP/1.1
10:40:19.621 [main] DEBUG com.github.dockerjava.zerodep.shaded.org.apache.hc.client5.http.impl.classic.InternalHttpClient -- ep-00000002: start execution ex-00000003
10:40:19.621 [main] DEBUG com.github.dockerjava.zerodep.shaded.org.apache.hc.client5.http.impl.io.PoolingHttpClientConnectionManager -- ep-00000002: executing exchange ex-00000003 over http-outgoing-0
10:40:19.621 [main] DEBUG com.github.dockerjava.zerodep.shaded.org.apache.hc.client5.http.headers -- http-outgoing-0 >> GET /v1.32/images/json HTTP/1.1
10:40:19.621 [main] DEBUG com.github.dockerjava.zerodep.shaded.org.apache.hc.client5.http.headers -- http-outgoing-0 >> accept: application/json
10:40:19.621 [main] DEBUG com.github.dockerjava.zerodep.shaded.org.apache.hc.client5.http.headers -- http-outgoing-0 >> x-tc-sid: f19e918b-ee3a-49e9-843b-bb73ce2bb29f
10:40:19.621 [main] DEBUG com.github.dockerjava.zerodep.shaded.org.apache.hc.client5.http.headers -- http-outgoing-0 >> User-Agent: tc-java/1.19.5
10:40:19.621 [main] DEBUG com.github.dockerjava.zerodep.shaded.org.apache.hc.client5.http.headers -- http-outgoing-0 >> Accept-Encoding: gzip, x-gzip, deflate
10:40:19.621 [main] DEBUG com.github.dockerjava.zerodep.shaded.org.apache.hc.client5.http.headers -- http-outgoing-0 >> Host: localhost:2375
10:40:19.621 [main] DEBUG com.github.dockerjava.zerodep.shaded.org.apache.hc.client5.http.headers -- http-outgoing-0 >> Connection: keep-alive
10:40:19.621 [main] DEBUG com.github.dockerjava.zerodep.shaded.org.apache.hc.client5.http.wire -- http-outgoing-0 >> "GET /v1.32/images/json HTTP/1.1[\r][\n]"
10:40:19.621 [main] DEBUG com.github.dockerjava.zerodep.shaded.org.apache.hc.client5.http.wire -- http-outgoing-0 >> "accept: application/json[\r][\n]"
10:40:19.621 [main] DEBUG com.github.dockerjava.zerodep.shaded.org.apache.hc.client5.http.wire -- http-outgoing-0 >> "x-tc-sid: f19e918b-ee3a-49e9-843b-bb73ce2bb29f[\r][\n]"
10:40:19.621 [main] DEBUG com.github.dockerjava.zerodep.shaded.org.apache.hc.client5.http.wire -- http-outgoing-0 >> "User-Agent: tc-java/1.19.5[\r][\n]"
10:40:19.621 [main] DEBUG com.github.dockerjava.zerodep.shaded.org.apache.hc.client5.http.wire -- http-outgoing-0 >> "Accept-Encoding: gzip, x-gzip, deflate[\r][\n]"
10:40:19.621 [main] DEBUG com.github.dockerjava.zerodep.shaded.org.apache.hc.client5.http.wire -- http-outgoing-0 >> "Host: localhost:2375[\r][\n]"
10:40:19.621 [main] DEBUG com.github.dockerjava.zerodep.shaded.org.apache.hc.client5.http.wire -- http-outgoing-0 >> "Connection: keep-alive[\r][\n]"
10:40:19.621 [main] DEBUG com.github.dockerjava.zerodep.shaded.org.apache.hc.client5.http.wire -- http-outgoing-0 >> "[\r][\n]"
10:40:19.633 [main] DEBUG com.github.dockerjava.zerodep.shaded.org.apache.hc.client5.http.wire -- http-outgoing-0 << "HTTP/1.1 200 OK[\r][\n]"
10:40:19.633 [main] DEBUG com.github.dockerjava.zerodep.shaded.org.apache.hc.client5.http.wire -- http-outgoing-0 << "Api-Version: 1.47[\r][\n]"
10:40:19.633 [main] DEBUG com.github.dockerjava.zerodep.shaded.org.apache.hc.client5.http.wire -- http-outgoing-0 << "Content-Type: application/json[\r][\n]"
10:40:19.633 [main] DEBUG com.github.dockerjava.zerodep.shaded.org.apache.hc.client5.http.wire -- http-outgoing-0 << "Date: Sat, 23 Nov 2024 18:40:19 GMT[\r][\n]"
10:40:19.633 [main] DEBUG com.github.dockerjava.zerodep.shaded.org.apache.hc.client5.http.wire -- http-outgoing-0 << "Docker-Experimental: false[\r][\n]"
10:40:19.633 [main] DEBUG com.github.dockerjava.zerodep.shaded.org.apache.hc.client5.http.wire -- http-outgoing-0 << "Ostype: linux[\r][\n]"
10:40:19.633 [main] DEBUG com.github.dockerjava.zerodep.shaded.org.apache.hc.client5.http.wire -- http-outgoing-0 << "Server: Docker/27.2.0 (linux)[\r][\n]"
10:40:19.633 [main] DEBUG com.github.dockerjava.zerodep.shaded.org.apache.hc.client5.http.wire -- http-outgoing-0 << "Transfer-Encoding: chunked[\r][\n]"
10:40:19.633 [main] DEBUG com.github.dockerjava.zerodep.shaded.org.apache.hc.client5.http.wire -- http-outgoing-0 << "[\r][\n]"
10:40:19.633 [main] DEBUG com.github.dockerjava.zerodep.shaded.org.apache.hc.client5.http.headers -- http-outgoing-0 << HTTP/1.1 200 OK
10:40:19.633 [main] DEBUG com.github.dockerjava.zerodep.shaded.org.apache.hc.client5.http.headers -- http-outgoing-0 << Api-Version: 1.47
10:40:19.633 [main] DEBUG com.github.dockerjava.zerodep.shaded.org.apache.hc.client5.http.headers -- http-outgoing-0 << Content-Type: application/json
10:40:19.634 [main] DEBUG com.github.dockerjava.zerodep.shaded.org.apache.hc.client5.http.headers -- http-outgoing-0 << Date: Sat, 23 Nov 2024 18:40:19 GMT
10:40:19.634 [main] DEBUG com.github.dockerjava.zerodep.shaded.org.apache.hc.client5.http.headers -- http-outgoing-0 << Docker-Experimental: false
10:40:19.634 [main] DEBUG com.github.dockerjava.zerodep.shaded.org.apache.hc.client5.http.headers -- http-outgoing-0 << Ostype: linux
10:40:19.634 [main] DEBUG com.github.dockerjava.zerodep.shaded.org.apache.hc.client5.http.headers -- http-outgoing-0 << Server: Docker/27.2.0 (linux)
10:40:19.634 [main] DEBUG com.github.dockerjava.zerodep.shaded.org.apache.hc.client5.http.headers -- http-outgoing-0 << Transfer-Encoding: chunked
10:40:19.634 [main] DEBUG com.github.dockerjava.zerodep.shaded.org.apache.hc.client5.http.impl.classic.MainClientExec -- ex-00000003: connection can be kept alive for 3 MINUTES
10:40:19.634 [main] DEBUG com.github.dockerjava.zerodep.shaded.org.apache.hc.client5.http.wire -- http-outgoing-0 << "938c[\r][\n]"
10:40:19.634 [main] DEBUG com.github.dockerjava.zerodep.shaded.org.apache.hc.client5.http.wire -- http-outgoing-0 << "[{"Containers":-1,"Created":1732304268,"Id":"sha256:707e05b1796c7a22013832ef73417115ae72f0dcc01474f37058ff73f07bb5ad","Labels":{"com.visualstudio.yammer.image.build.buildnumber":"20241103.1","com.visualstudio.yammer.image.build.builduri":"vstfs:///Build/Build/6846867","com.visualstudio.yammer.image.build.definitionname":"Build Docker Base Images","com.visualstudio.yammer.image.build.repository.name":"DockerBaseImages","com.visualstudio.yammer.image.build.repository.uri":"https://yammer.visualstudio.com/DockerBaseImages/_git/DockerBaseImages","com.visualstudio.yammer.image.build.sourcebranchname":"master","com.visualstudio.yammer.image.build.sourceversion":"abcd90b4746b725840c344d847a202f42301ae8b","com.visualstudio.yammer.image.system.teamfoundationcollectionuri":"https://yammer.visualstudio.com/","com.visualstudio.yammer.image.system.teamproject":"DockerBaseImages"},"ParentId":"","RepoDigests":["yamlab.azurecr.io/nudge/c5devlab15@sha256:fd4da4f4ffb21e3d5a87cc6670f58f13895beb15a5af13eaddc810e0d0dd84d3"],"RepoTags":["yamlab.azurecr.io/nudge/c5devlab15:20241122113746"],"SharedSize":-1,"Size":488856775,"VirtualSize":488856775},{"Containers":-1,"Created":1732256135,"Id":"sha256:684155bac127920c9dea58060380257ea36fcf4aca3626e28e021a370859d169","Labels":{"com.visualstudio.yammer.image.build.buildnumber":"20241117.1","com.visualstudio.yammer.image.build.builduri":"vstfs:///Build/Build/6898809","com.visualstudio.yammer.image.build.definitionname":"Build Docker Base Images","com.visualstudio.yammer.image.build.repository.name":"DockerBaseImages","com.visualstudio.yammer.image.build.repository.uri":"https://yammer.visualstudio.com/DockerBaseImages/_git/DockerBaseImages","com.visualstudio.yammer.image.build.sourcebranchname":"master","com.visualstudio.yammer.image.build.sourceversion":"faaee5d64ae634a812b5f034ece537ad346ba6a9","com.visualstudio.yammer.image.system.teamfoundationcollectionuri":"https://yammer.visualstudio.com/","com.visualstudio.yammer.image.system.teamproject":"DockerBaseImages"},"ParentId":"","RepoDigests":["yamlab.azurecr.io/grouper/c5devlab15@sha256:cc2f05c712a74f9b7da5c80357ee875b476d094d6e0ee9a6db4649aaede72ce1"],"RepoTags":["yamlab.azurecr.io/grouper/c5devlab15:20241121221525"],"SharedSize":-1,"Size":487781781,"VirtualSize":487781781},{"Containers":-1,"Created":1732255292,"Id":"sha256:d9cb26e6d46e7aa5d9de7c07ff55451e8c008d0058d86f6e8811e9f45eec3c32","Labels":{"com.visualstudio.yammer.image.build.buildnumber":"20241103.1","com.visualstudio.yammer.image.build.builduri":"vstfs:///Build/Build/6846867","com.visualstudio.yammer.image.build.definitionname":"Build Docker Base Images","com.visualstudio.yammer.image.build.repository.name":"DockerBaseImages","com.visualstudio.yammer.image.build.repository.uri":"https://yammer.visualstudio.com/DockerBaseImages/_git/DockerBaseImages","com.visualstudio.yammer.image.build.sourcebranchname":"master","com.visualstudio.yammer.image.build.sourceversion":"abcd90b4746b725840c344d847a202f42301ae8b","com.visualstudio.yammer.image.system.teamfoundationcollectionuri":"https://yammer.visualstudio.com/","com.visualstudio.yammer.image.system.teamproject":"DockerBaseImages"},"ParentId":"","RepoDigests":["yamlab.azurecr.io/nudge/c5devlab15@sha256:8f8c50c6e4e3b4d2ea4e28908ff355420edc3032eb1862b6ce2c517a6553eae9"],"RepoTags":["yamlab.azurecr.io/nudge/c5devlab15:20241121220131","yamlab.azurecr.io/nudge/c5devlab15:20241121220953"],"SharedSize":-1,"Size":488856775,"VirtualSize":488856775},{"Containers":-1,"Created":1732252807,"Id":"sha256:c2340e7b200ff2516aded051a380517f1c09664115291ff409ad0b10fbfe6855","Labels":{"com.visualstudio.yammer.image.build.buildnumber":"20241103.1","com.visualstudio.yammer.image.build.builduri":"vstfs:///Build/Build/6846867","com.visualstudio.yammer.image.build.definitionname":"Build Docker Base Images","com.visualstudio.yammer.image.build.repository.name":"DockerBaseImages","com.visualstudio.yammer.image.build.repository.uri":"https://yammer.visualstudio.com/DockerBaseImages/_git/DockerBaseImages","com.visualstudio.yammer.image.build.sourcebranchname":"master","com.visualstudio.yammer.image.build.sourceversion":"abcd90b4746b725840c344d847a202f42301ae8b","com.visualstudio.yammer.image.system.teamfoundationcollectionuri":"https://yammer.visualstudio.com/","com.visualstudio.yammer.image.system.teamproject":"DockerBaseImages"},"ParentId":"","RepoDigests":["yamlab.azurecr.io/nudge/c5devlab15@sha256:84dc1ccb0a44816eb6b59fd6f6deccb2d10d61b43f976d9fc2cbbb162c62abfd"],"RepoTags":["yamlab.azurecr.io/nudge/c5devlab15:20241121211953"],"SharedSize":-1,"Size":488856975,"VirtualSize":488856975},{"Containers":-1,"Created":1731611211,"Id":"sha256:12d0393194fae27f18bd47235cd2e5891f6d52652d2adc86b185cf802a336823","Labels":null,"ParentId":"","RepoDigests":["postgres@sha256:e7d3e4fdcdb4187649d50217c3a8fed20bee215cd19233004c9fb0eaeae5ecf0"],"RepoTags":["postgres:14"],"SharedSize":-1,"Size":444022455,"VirtualSize":444022455},{"Containers":-1,"Created":1724744173,"Id":"sha256:86e5e564559e43abc447fd5657885829f730a85da25fed3f29ed3a155936743b","Labels":{"org.testcontainers.ryuk":"true"},"ParentId":"","RepoDigests":["testcontainers/ryuk@sha256:448beed1b3fd18e9411dd4b6a26a04f3aa0fccf229502c9665ebe8d628c7d2c5"],"RepoTags":["testcontainers/ryuk:0.9.0"],"SharedSize":-1,"Size":15581991,"VirtualSize":15581991},{"Containers":-1,"Created":1719301894,"Id":"sha256:eba47ac783fc0b0f176fef693616a20845a53131071993ecabc9559035491a9f","Labels":{"maintainer":"Johan Andersson \u003cGrokzen@gmail.com\u003e"},"ParentId":"","RepoDigests":["grokzen/redis-cluster@sha256:5d2c9eb210e7a914c41b32ca97d153c90cd648d22d67ce65b3c821f6c0eff3d1"],"RepoTags":["grokzen/redis-cluster:6.2.11"],"SharedSize":-1,"Size":651341270,"VirtualSize":651341270},{"Containers":-1,"Created":1716784890,"Id":"sha256:fdab74df9ebdf1f234e79e813b009dd8097f575e7e3b3ffc4fa91fd5cf20c981","Labels":{"com.docker.compose.project":"ml_practice","com.docker.compose.service":"jupyter","com.docker.compose.version":"2.27.0"},"ParentId":"","RepoDigests":null,"RepoTags":["ml_practice-jupyter:latest"],"SharedSize":-1,"Size":1167530969,"VirtualSize":1167530969},{"Containers":-1,"Created":1716784875,"Id":"sha256:308e67bfd82115254f60d40853dcdb985de5f2912a01dd450b9d48aec212c397","Labels":{"com.docker.compose.project":"ml_practice","com.docker.compose.service":"base","com.docker.compose.version":"2.27.0"},"ParentId":"","RepoDigests":null,"RepoTags":["base:latest"],"SharedSize":-1,"Size":1563321036,"VirtualSize":1563321036},{"Containers":-1,"Created":1716704860,"Id":"sha256:03fdb8eb026e8cad5e7cf8b68e0d1b38d800cf6be3d9dbbcf95b7ff38378d931","Labels":{"com.docker.compose.project":"ml_practice","com.docker.compose.service":"base","com.docker.compose.version":"2.27.0"},"ParentId":"","RepoDigests":["\u003cnone\u003e@\u003cnone\u003e"],"RepoTags":["\u003cnone\u003e:\u003cnone\u003e"],"SharedSize":-1,"Size":1563320885,"VirtualSize":1563320885},{"Containers":-1,"Created":1716704860,"Id":"sha256:7d1e80763030db7163f3b87b8678fc0b26ba07530f4b3d45e8d1fb15a2602390","Labels":null,"ParentId":"","RepoDigests":["\u003cnone\u003e@\u003cnone\u003e"],"RepoTags":["\u003cnone\u003e:\u003cnone\u003e"],"SharedSize":-1,"Size":1563320885,"VirtualSize":1563320885},{"Containers":-1,"Created":1713657947,"Id":"sha256:40ba6bd923d63f2ffea40771a43c6269f77b148bf54da22b526bc4774c862db6","Labels":{"com.docker.compose.project":"workfeed-dev","com.docker.compose.service":"workfeed","com.docker.compose.version":"2.24.6"},"ParentId":"","RepoDigests":null,"RepoTags":["workfeed:dev-universal"],"SharedSize":-1,"Size":1327683314,"VirtualSize":1327683314},{"Containers":-1,"Created":1713406574,"Id":"sha256:e8ea3956b229ac5f2fcc76fb5d0f75c53bcc1771a019ac5075ccbfec269cd64b","Labels":{"com.docker.compose.project":"workfeed-dev","com.docker.compose.service":"workfeed","com.docker.compose.version":"2.24.6"},"ParentId":"","RepoDigests":["\u003cnone\u003e@\u003cnone\u003e"],"RepoTags":["\u003cnone\u003e:\u003cnone\u003e"],"SharedSize":-1,"Size":1327638154,"VirtualSize":1327638154},{"Containers":-1,"Created":1712353925,"Id":"sha256:5d2fefeb31b86fb36b67e5a920329724ed9519c1ffeca7fa3cc86b26b876237c","Labels":null,"ParentId":"","RepoDigests"
10:40:19.638 [main] DEBUG com.github.dockerjava.zerodep.shaded.org.apache.hc.client5.http.wire -- http-outgoing-0 << "":["mcr.microsoft.com/mirror/docker/library/memcached@sha256:0d201d2fd4541f7f4d217feb676e98bae2fa1862968dc88557e9317ac9b3b258","mcr.microsoft.com/mirror/docker/library/memcached@sha256:82625260027aa4d419f83100abf7e9dc83d1b841af276c0dc808cd911a1dbda0"],"RepoTags":["mcr.microsoft.com/mirror/docker/library/memcached:1.6"],"SharedSize":-1,"Size":107423489,"VirtualSize":107423489},{"Containers":-1,"Created":1709907598,"Id":"sha256:5386c8414cad3cdf9dd6bd8e4dc6c5c2e6675d05022787ba1444db9cc969df5a","Labels":{"org.testcontainers.ryuk":"true"},"ParentId":"","RepoDigests":["testcontainers/ryuk@sha256:bcbee39cd601396958ba1bd06ea14ad64ce0ea709de29a427d741d1f5262080a"],"RepoTags":["testcontainers/ryuk:0.7.0"],"SharedSize":-1,"Size":15363762,"VirtualSize":15363762},{"Containers":-1,"Created":1708476373,"Id":"sha256:4efec5a8a1b15d73fd6f2173f56b5ea72d49cdb23f9719f5226a02402178bd67","Labels":null,"ParentId":"","RepoDigests":["mcr.microsoft.com/mirror/docker/library/postgres@sha256:2ac982de480c673a93d7c7139ffd223854b9abbb06e9215a87c1f88853f33f22","mcr.microsoft.com/mirror/docker/library/postgres@sha256:e0c94e74a256a9e129ef7f6ae17fe5b6e803c56d06ff6ed1057d4158e8b39ad3"],"RepoTags":["mcr.microsoft.com/mirror/docker/library/postgres:12"],"SharedSize":-1,"Size":439974830,"VirtualSize":439974830},{"Containers":-1,"Created":1707154935,"Id":"sha256:562ab430d5f3027d13297ed2a71ffc84712bc0eab5c2afed4c6b59d7acaf5919","Labels":{"com.docker.compose.project":"workfeed-dev","com.docker.compose.service":"workfeed","com.docker.compose.version":"2.24.3"},"ParentId":"","RepoDigests":["\u003cnone\u003e@\u003cnone\u003e"],"RepoTags":["\u003cnone\u003e:\u003cnone\u003e"],"SharedSize":-1,"Size":1296115886,"VirtualSize":1296115886},{"Containers":-1,"Created":1707017393,"Id":"sha256:416106a0aa433b0ffd1bd6b32fc3c7541c087a56bf4253860f9b4cd2cdda207b","Labels":{"base.docker-init.version":"1d77edd","base.version":"69a0ff0","com.azure.dev.image.build.sourceversion":"69a0ff008cf22f9ee6ce04631345ce97fcb01687","com.azure.dev.image.system.teamfoundationcollectionuri":"yammer","com.visualstudio.yammer.image.system.teamfoundationcollectionuri":"yammer"},"ParentId":"","RepoDigests":["yamlab.azurecr.io/workfeed-web/c2englab76@sha256:d6cf9039fe75c92710fcd36274ce7c2a766405101c02cafd0f0dc4632844d220"],"RepoTags":["yamlab.azurecr.io/workfeed-web/c2englab76:20240203192950"],"SharedSize":-1,"Size":804153547,"VirtualSize":804153547},{"Containers":-1,"Created":1706918800,"Id":"sha256:ad23dc85acc71dacbf4394ae4d911c91e365b8466de96aec238e67042b4f46a5","Labels":{"base.docker-init.version":"1d77edd","base.version":"69a0ff0","com.azure.dev.image.build.sourceversion":"69a0ff008cf22f9ee6ce04631345ce97fcb01687","com.azure.dev.image.system.teamfoundationcollectionuri":"yammer","com.visualstudio.yammer.image.system.teamfoundationcollectionuri":"yammer"},"ParentId":"","RepoDigests":["yamlab.azurecr.io/workfeed-web/c2englab76@sha256:5b95e9f56ecc97b440c59cfec59094677475be39e8122dc8be3fc7ab38316778"],"RepoTags":["yamlab.azurecr.io/workfeed-web/c2englab76:20240202160000"],"SharedSize":-1,"Size":804151950,"VirtualSize":804151950},{"Containers":-1,"Created":1706836699,"Id":"sha256:7ee5ea6f479c148cd6ca73986c79ffbb7996e9b0f628a540b2231d9de3a46691","Labels":{"com.docker.compose.project":"workfeed-dev","com.docker.compose.service":"workfeed","com.docker.compose.version":"2.24.3"},"ParentId":"","RepoDigests":["\u003cnone\u003e@\u003cnone\u003e"],"RepoTags":["\u003cnone\u003e:\u003cnone\u003e"],"SharedSize":-1,"Size":1318585736,"VirtualSize":1318585736},{"Containers":-1,"Created":1706746770,"Id":"sha256:ecc468a651c59e77b04a8da18bab8fb50ba464fd25300d315c2b2ea73e1093ee","Labels":{"com.docker.compose.project":"workfeed-dev","com.docker.compose.service":"workfeed","com.docker.compose.version":"2.23.3"},"ParentId":"","RepoDigests":["\u003cnone\u003e@\u003cnone\u003e"],"RepoTags":["\u003cnone\u003e:\u003cnone\u003e"],"SharedSize":-1,"Size":1318585944,"VirtualSize":1318585944},{"Containers":-1,"Created":1706033878,"Id":"sha256:b3318ddfe38c666ec91133b644ceac031a220b4a0676941bf09920acd2e052d6","Labels":{"base.docker-init.version":"c2f7fea","base.version":"db529c0","com.azure.dev.image.build.sourceversion":"db529c07a2dcb3a85c97e1172d3009337b26af4b","com.azure.dev.image.system.teamfoundationcollectionuri":"yammer","com.visualstudio.yammer.image.system.teamfoundationcollectionuri":"yammer"},"ParentId":"","RepoDigests":["yamlab.azurecr.io/grouper/c2englab76@sha256:72b2c3af00fcfe01244674dbd40a6ee4ed8ba7bd801587c86a0fe1a47161efa6"],"RepoTags":["yamlab.azurecr.io/grouper/c2englab76:20240123101746"],"SharedSize":-1,"Size":429974707,"VirtualSize":429974707},{"Containers":-1,"Created":1704851650,"Id":"sha256:5b0ba1beb649bc3746892143c3d8b0bb3a93c0048ab87b0ba2dab632fd9ef110","Labels":null,"ParentId":"","RepoDigests":["mcr.microsoft.com/mirror/docker/library/memcached@sha256:482b94566745f9cf2e524e5a07b6dc948a835fa1f0b35d9ee4aa923133446406"],"RepoTags":null,"SharedSize":-1,"Size":125837929,"VirtualSize":125837929},{"Containers":-1,"Created":1704851650,"Id":"sha256:6c8d699449910b7ac3ddf91d5426959cc2ba738af46ead998d420e59a9c436ac","Labels":null,"ParentId":"","RepoDigests":["mcr.microsoft.com/mirror/docker/library/memcached@sha256:03931e8d8cddcfad7746ce5c02b2500b1364b7cd54a70bc8659e38489de568ec","mcr.microsoft.com/mirror/docker/library/memcached@sha256:6cfed7d42766c5152fd6755779bfce9f3c1ed3e78f12bde568af4ec9eec6533e"],"RepoTags":null,"SharedSize":-1,"Size":125895951,"VirtualSize":125895951},{"Containers":-1,"Created":1704483892,"Id":"sha256:3cced1cca077b135a26c89e85a2558548db5cad08b9304e604754a1173dec70c","Labels":{"base.docker-init.version":"c2f7fea","base.version":"9cb4adb","com.azure.dev.image.build.sourceversion":"9cb4adb4325121d2887c2cf75de4d5dc483d572b","com.azure.dev.image.system.teamfoundationcollectionuri":"yammer","com.visualstudio.yammer.image.system.teamfoundationcollectionuri":"yammer"},"ParentId":"","RepoDigests":["yamlab.azurecr.io/grouper/c2englab76@sha256:995b5e96398d7cea36b2ee9269c87f459bb01ea48105fa9569e501f18abffa15"],"RepoTags":["yamlab.azurecr.io/grouper/c2englab76:20240105114449"],"SharedSize":-1,"Size":421521327,"VirtualSize":421521327},{"Containers":-1,"Created":1704405160,"Id":"sha256:d1747f0a9e884d4e2cd81b1be82de9e86fc9879f0765fb437fa3ba5ccfb72173","Labels":null,"ParentId":"","RepoDigests":["mcr.microsoft.com/mirror/docker/library/postgres@sha256:08a22c27675249c82cac5a12f3ba4cbb374bd2d64f2fe7921faa537a782ef124"],"RepoTags":null,"SharedSize":-1,"Size":434921467,"VirtualSize":434921467},{"Containers":-1,"Created":1704405160,"Id":"sha256:f9e893d5c5bd896a5696582ca9325c849bafc2d584bb145db7badce3437fdc77","Labels":null,"ParentId":"","RepoDigests":["mcr.microsoft.com/mirror/docker/library/postgres@sha256:5be64d3d8b7e95ba58227f7529894c339c0804a95b3b6760e6df7d17ae215ae1","mcr.microsoft.com/mirror/docker/library/postgres@sha256:840ab410fe06322c9041f75319d79a69765321957ff6981598374eafacb88592"],"RepoTags":null,"SharedSize":-1,"Size":434850125,"VirtualSize":434850125},{"Containers":-1,"Created":1703169619,"Id":"sha256:00b74ac764e1bd0e8eefa5ca9ad4ff60b1e7a8099181b2446d7bb6695eac6fbf","Labels":{"org.testcontainers.ryuk":"true"},"ParentId":"","RepoDigests":["testcontainers/ryuk@sha256:739f19eb83b1710f22ff452d7bec9cdd3f53d0ba5ff4096c6516a85de88eba0c"],"RepoTags":["testcontainers/ryuk:0.6.0"],"SharedSize":-1,"Size":15036068,"VirtualSize":15036068},{"Containers":-1,"Created":1702589586,"Id":"sha256:5b0046802f208494df490a3eb0d5f1b8acb2dbb5b593d144978828b06be4667c","Labels":{"com.docker.compose.project":"workfeed-dev","com.docker.compose.service":"workfeed","com.docker.compose.version":"2.23.3"},"ParentId":"","RepoDigests":["\u003cnone\u003e@\u003cnone\u003e"],"RepoTags":["\u003cnone\u003e:\u003cnone\u003e"],"SharedSize":-1,"Size":1280999753,"VirtualSize":1280999753},{"Containers":-1,"Created":1702524037,"Id":"sha256:f9d6d9ee112368525369d7e4ebdd0b5f9252f40f84d77887a1a7dcf8a379df59","Labels":{"com.docker.compose.project":"workfeed-dev","com.docker.compose.s"
10:40:19.641 [main] DEBUG com.github.dockerjava.zerodep.shaded.org.apache.hc.client5.http.wire -- http-outgoing-0 << "ervice":"workfeed","com.docker.compose.version":"2.23.3"},"ParentId":"","RepoDigests":["\u003cnone\u003e@\u003cnone\u003e"],"RepoTags":["\u003cnone\u003e:\u003cnone\u003e"],"SharedSize":-1,"Size":1280999844,"VirtualSize":1280999844},{"Containers":-1,"Created":1702436630,"Id":"sha256:cbb2eaf6aed4c636c469e5ace55b7bfa07370d4bc1feb53a70f5996ad8005efc","Labels":{"base.docker-init.version":"c2f7fea","base.version":"9cb4adb","com.azure.dev.image.build.sourceversion":"9cb4adb4325121d2887c2cf75de4d5dc483d572b","com.azure.dev.image.system.teamfoundationcollectionuri":"yammer","com.visualstudio.yammer.image.system.teamfoundationcollectionuri":"yammer"},"ParentId":"","RepoDigests":["yamlab.azurecr.io/grouper/c2englab76@sha256:731636339adba2890ff77e1b3dc1cc8d72672e192e5376b7e968032423400300"],"RepoTags":["yamlab.azurecr.io/grouper/c2englab76:20231212190347"],"SharedSize":-1,"Size":421340074,"VirtualSize":421340074},{"Containers":-1,"Created":1702435719,"Id":"sha256:4b25a8d810f904205d656fea38c0dd3c9080a61224a59fe474c510c0ec06b0ce","Labels":{"base.docker-init.version":"c2f7fea","base.version":"9cb4adb","com.azure.dev.image.build.sourceversion":"9cb4adb4325121d2887c2cf75de4d5dc483d572b","com.azure.dev.image.system.teamfoundationcollectionuri":"yammer","com.visualstudio.yammer.image.system.teamfoundationcollectionuri":"yammer"},"ParentId":"","RepoDigests":["yamlab.azurecr.io/grouper/c2englab76@sha256:3d4a24d32e24ccd6423203126a9750fdc232ee188bb181df8d159cda6d22cb39"],"RepoTags":["yamlab.azurecr.io/grouper/c2englab76:20231212184834","yamlab.azurecr.io/grouper/c2englab76:20231212185235"],"SharedSize":-1,"Size":421340027,"VirtualSize":421340027},{"Containers":-1,"Created":1701988793,"Id":"sha256:38c749c1860bd5d7399eaeb94c3268585b98ad9785d638e15eb49e21e7801c41","Labels":null,"ParentId":"","RepoDigests":["mcr.microsoft.com/mirror/docker/library/postgres@sha256:ebea7de2ac0b96e84d328586c400122d3f7b8cc89f47df040f83844662af9363"],"RepoTags":null,"SharedSize":-1,"Size":434535557,"VirtualSize":434535557},{"Containers":-1,"Created":1701713327,"Id":"sha256:cf26c17403ed5a4db96ddd8b41aeb2fd45483f897882a57972c994c95a44c5dd","Labels":null,"ParentId":"","RepoDigests":["mcr.microsoft.com/mirror/docker/library/memcached@sha256:c0aa354cc777aa9bdbaf3789db81b1b1802be11940498801dbe1562999d5671e"],"RepoTags":null,"SharedSize":-1,"Size":133523352,"VirtualSize":133523352},{"Containers":-1,"Created":1700695461,"Id":"sha256:616a3b78f9ce85c0195d0881e688b9d6417866416e76f4aeccd5bf4792caf25b","Labels":{"com.docker.compose.project":"workfeed-dev","com.docker.compose.service":"workfeed","com.docker.compose.version":"2.23.0"},"ParentId":"","RepoDigests":["\u003cnone\u003e@\u003cnone\u003e"],"RepoTags":["\u003cnone\u003e:\u003cnone\u003e"],"SharedSize":-1,"Size":1273377863,"VirtualSize":1273377863},{"Containers":-1,"Created":1700584572,"Id":"sha256:1be2fdcbe0d94a24307dbfef1a7cb8a1ce7d072257d122d73c2dda993531f523","Labels":{"com.docker.compose.project":"workfeed-dev","com.docker.compose.service":"workfeed","com.docker.compose.version":"2.23.0"},"ParentId":"","RepoDigests":["\u003cnone\u003e@\u003cnone\u003e"],"RepoTags":["\u003cnone\u003e:\u003cnone\u003e"],"SharedSize":-1,"Size":1273377864,"VirtualSize":1273377864},{"Containers":-1,"Created":1700458960,"Id":"sha256:38cd20cee0e0af778ca1da87070d935b0c694f342de4bd0b237c02293327abdb","Labels":{"base.docker-init.version":"c2f7fea","base.version":"9cb4adb","com.azure.dev.image.build.sourceversion":"9cb4adb4325121d2887c2cf75de4d5dc483d572b","com.azure.dev.image.system.teamfoundationcollectionuri":"yammer","com.visualstudio.yammer.image.system.teamfoundationcollectionuri":"yammer"},"ParentId":"","RepoDigests":["yamlab.azurecr.io/grouper/c2englab76@sha256:add32213a92e6d4eb32e2dce8cbd5c30df1900de2c8fc50f791398050e44a851"],"RepoTags":["yamlab.azurecr.io/grouper/c2englab76:20231119214237","yamlab.azurecr.io/grouper/c2englab76:20231120092140","yamlab.azurecr.io/grouper/c2englab76:20231120183814"],"SharedSize":-1,"Size":421959204,"VirtualSize":421959204},{"Containers":-1,"Created":1700300658,"Id":"sha256:48ee87a2500f6ccfa5ae45d39dec31431797fcd7e1a151506fc248a8cf5cd1ba","Labels":{"base.docker-init.version":"c2f7fea","base.version":"9cb4adb","com.azure.dev.image.build.sourceversion":"9cb4adb4325121d2887c2cf75de4d5dc483d572b","com.azure.dev.image.system.teamfoundationcollectionuri":"yammer","com.visualstudio.yammer.image.system.teamfoundationcollectionuri":"yammer"},"ParentId":"","RepoDigests":["yamlab.azurecr.io/grouper/c2englab76@sha256:760c13b050c1081c58c9c78adc82aa739045b20bde0b9bf7a28e536ae6d37c1d"],"RepoTags":["yamlab.azurecr.io/grouper/c2englab76:20231118014416"],"SharedSize":-1,"Size":421934989,"VirtualSize":421934989},{"Containers":-1,"Created":1700294926,"Id":"sha256:d61c9b244feca8f638b19953ac874fddddff84c60642e577a28330add51d8ec3","Labels":{"base.docker-init.version":"c2f7fea","base.version":"9cb4adb","com.azure.dev.image.build.sourceversion":"9cb4adb4325121d2887c2cf75de4d5dc483d572b","com.azure.dev.image.system.teamfoundationcollectionuri":"yammer","com.visualstudio.yammer.image.system.teamfoundationcollectionuri":"yammer"},"ParentId":"","RepoDigests":["yamlab.azurecr.io/grouper/c2englab76@sha256:4055b8a7bd3e77af19ea0756b4e409d9e910449efe70b10a05e0cb3eebfa80e6"],"RepoTags":["yamlab.azurecr.io/grouper/c2englab76:20231118000844"],"SharedSize":-1,"Size":421956294,"VirtualSize":421956294},{"Containers":-1,"Created":1700161789,"Id":"sha256:30cc166bec8d84c3be8ce980bf914463ae8834d24b861fd7b121180baa8fb854","Labels":{"com.docker.compose.project":"workfeed-dev","com.docker.compose.service":"workfeed","com.docker.compose.version":"2.23.0"},"ParentId":"","RepoDigests":["\u003cnone\u003e@\u003cnone\u003e"],"RepoTags":["\u003cnone\u003e:\u003cnone\u003e"],"SharedSize":-1,"Size":1294223502,"VirtualSize":1294223502},{"Containers":-1,"Created":1700105725,"Id":"sha256:090207b377d3aed8d4e90ecb9baaf22159728bc6406cf073e4a673c169c9ebc8","Labels":{"base.docker-init.version":"c2f7fea","base.version":"9cb4adb","com.azure.dev.image.build.sourceversion":"9cb4adb4325121d2887c2cf75de4d5dc483d572b","com.azure.dev.image.system.teamfoundationcollectionuri":"yammer","com.visualstudio.yammer.image.system.teamfoundationcollectionuri":"yammer"},"ParentId":"","RepoDigests":["yamlab.azurecr.io/grouper/c2englab76@sha256:4cbf488167f0186e62db493b52083baec91f4d1acf9186ede103259df41a1f11"],"RepoTags":["yamlab.azurecr.io/grouper/c2englab76:20231115193523"],"SharedSize":-1,"Size":421956239,"VirtualSize":421956239},{"Containers":-1,"Created":1700087467,"Id":"sha256:a74671ad504eef3c4dc9fba51d5b9ae7f8d28a74075c635286d736ca25c55362","Labels":{"base.docker-init.version":"c2f7fea","base.version":"9cb4adb","com.azure.dev.image.build.sourceversion":"9cb4adb4325121d2887c2cf75de4d5dc483d572b","com.azure.dev.image.system.teamfoundationcollectionuri":"yammer","com.visualstudio.yammer.image.system.teamfoundationcollectionuri":"yammer"},"ParentId":"","RepoDigests":["yamlab.azurecr.io/grouper/c2englab76@sha256:ffa463413d81d0e1d8205a5bd9705f9f556c4a755256f6bc545afc705f3fdaae"],"RepoTags":["yamlab.azurecr.io/grouper/c2englab76:20231115143103"],"SharedSize":-1,"Size":421955993,"VirtualSize":421955993},{"Containers":-1,"Created":1700082359,"Id":"sha256:f245d95e00d5ae046e2b390477736e2d4868bff7d8c3887bb26061a236ea9cec","Labels":{"base.docker-init.version":"c2f7fea","base.version":"9cb4adb","com.azure.dev.image.build.sourceversion":"9cb4adb4325121d2887c2cf75de4d5dc483d572b","com.azure.dev.image.system.teamfoundationcollectionuri":"yammer","com.visualstudio.yammer.image.system.teamfoundationcollectionuri":"yammer"},"ParentId":"","RepoDigests":["yamlab.azurecr.io/grouper/c2englab76@sha256:4308e83fd7b4f23e1595ee88087311e68e6b8511df55be4a260754010f64635c"],"RepoTags":["yamlab.azurecr.io/grouper/c2englab76:20231115130556"],"SharedSize":-1,"Size":421955616,"VirtualSize":421955616},{"Containers":-1,"Created":1700081626,"Id":"sha256:e37f48dd3f57c56ecb39c02a29eff0d267d7d276b1dfef212fc9307a4ca7a27a","Labels":{"base.docker-init.vers"
10:40:19.642 [main] DEBUG com.github.dockerjava.zerodep.shaded.org.apache.hc.client5.http.wire -- http-outgoing-0 << "ion":"c2f7fea","base.version":"9cb4adb","com.azure.dev.image.build.sourceversion":"9cb4adb4325121d2887c2cf75de4d5dc483d572b","com.azure.dev.image.system.teamfoundationcollectionuri":"yammer","com.visualstudio.yammer.image.system.teamfoundationcollectionuri":"yammer"},"ParentId":"","RepoDigests":["yamlab.azurecr.io/grouper/c2englab76@sha256:d2d014f6edbacbb9f1c440e2fe15794b0a11410685b178e128c052f807e47dee"],"RepoTags":["yamlab.azurecr.io/grouper/c2englab76:20231115125344"],"SharedSize":-1,"Size":421934619,"VirtualSize":421934619},{"Containers":-1,"Created":1700066105,"Id":"sha256:272032056a6083ed209a85ce8d424b652a2c9557d04b4e1b3bd56e68f350a1e0","Labels":{"base.docker-init.version":"c2f7fea","base.version":"9cb4adb","com.azure.dev.image.build.sourceversion":"9cb4adb4325121d2887c2cf75de4d5dc483d572b","com.azure.dev.image.system.teamfoundationcollectionuri":"yammer","com.visualstudio.yammer.image.system.teamfoundationcollectionuri":"yammer"},"ParentId":"","RepoDigests":["yamlab.azurecr.io/grouper/c2englab76@sha256:c352ec28a19394325f2006dd6afbb1b6449ea93e030ab476affacaced9941db6"],"RepoTags":["yamlab.azurecr.io/grouper/c2englab76:20231115083503","yamlab.azurecr.io/grouper/c2englab76:20231115083858"],"SharedSize":-1,"Size":421934477,"VirtualSize":421934477},{"Containers":-1,"Created":1700003569,"Id":"sha256:b6d2169ff0a61cb74908c986eef4e109f5e4f96ef0ce25804218fd5d9200d1e4","Labels":{"base.docker-init.version":"c2f7fea","base.version":"9cb4adb","com.azure.dev.image.build.sourceversion":"9cb4adb4325121d2887c2cf75de4d5dc483d572b","com.azure.dev.image.system.teamfoundationcollectionuri":"yammer","com.visualstudio.yammer.image.system.teamfoundationcollectionuri":"yammer"},"ParentId":"","RepoDigests":["yamlab.azurecr.io/grouper/c2englab76@sha256:b3dd17cfd5ffb8ba67bd1b1bb344e194f27e2088b264dac23c796175e77eb2ab"],"RepoTags":["yamlab.azurecr.io/grouper/c2englab76:20231114151247"],"SharedSize":-1,"Size":421934100,"VirtualSize":421934100},{"Containers":-1,"Created":1700003077,"Id":"sha256:0e1547e083c69e82bd8b797f47bb437ba9d4bb426a416a506e48c70466a0ba67","Labels":{"base.docker-init.version":"c2f7fea","base.version":"9cb4adb","com.azure.dev.image.build.sourceversion":"9cb4adb4325121d2887c2cf75de4d5dc483d572b","com.azure.dev.image.system.teamfoundationcollectionuri":"yammer","com.visualstudio.yammer.image.system.teamfoundationcollectionuri":"yammer"},"ParentId":"","RepoDigests":["yamlab.azurecr.io/grouper/c2englab76@sha256:221da8879eb8554f4be9a5936d8b3d7a37bab917be337df1a3b4c37989ad0390"],"RepoTags":["yamlab.azurecr.io/grouper/c2englab76:20231114150435"],"SharedSize":-1,"Size":421933968,"VirtualSize":421933968},{"Containers":-1,"Created":1700002556,"Id":"sha256:a5af326adcd8cb5dfd3f7f9e94c89ed561ac3e26a3cda0a3f133250434cfc316","Labels":{"base.docker-init.version":"c2f7fea","base.version":"9cb4adb","com.azure.dev.image.build.sourceversion":"9cb4adb4325121d2887c2cf75de4d5dc483d572b","com.azure.dev.image.system.teamfoundationcollectionuri":"yammer","com.visualstudio.yammer.image.system.teamfoundationcollectionuri":"yammer"},"ParentId":"","RepoDigests":["yamlab.azurecr.io/grouper/c2englab76@sha256:02f1187d835b523b731e93c9cd54b5bacea42505a90ee39a8ec33ca7a8067206"],"RepoTags":["yamlab.azurecr.io/grouper/c2englab76:20231114145553"],"SharedSize":-1,"Size":421934720,"VirtualSize":421934720},{"Containers":-1,"Created":1700001937,"Id":"sha256:6f6700613b7edadd2e3e70f745e04be8b530fd51feee1bced8860780fac54658","Labels":{"base.docker-init.version":"c2f7fea","base.version":"9cb4adb","com.azure.dev.image.build.sourceversion":"9cb4adb4325121d2887c2cf75de4d5dc483d572b","com.azure.dev.image.system.teamfoundationcollectionuri":"yammer","com.visualstudio.yammer.image.system.teamfoundationcollectionuri":"yammer"},"ParentId":"","RepoDigests":["yamlab.azurecr.io/grouper/c2englab76@sha256:588368b1abb34b06ac212e407359e212674b1815c339b8ec3405ab5eaa00749f"],"RepoTags":["yamlab.azurecr.io/grouper/c2englab76:20231114144535"],"SharedSize":-1,"Size":421956051,"VirtualSize":421956051},{"Containers":-1,"Created":1699940971,"Id":"sha256:30aeec02e4e33e4c4a3b4cca4609c63c7c6248cb4b2df9d78d0cb434fa615a85","Labels":{"base.docker-init.version":"c2f7fea","base.version":"9cb4adb","com.azure.dev.image.build.sourceversion":"9cb4adb4325121d2887c2cf75de4d5dc483d572b","com.azure.dev.image.system.teamfoundationcollectionuri":"yammer","com.visualstudio.yammer.image.system.teamfoundationcollectionuri":"yammer"},"ParentId":"","RepoDigests":["yamlab.azurecr.io/grouper/c2englab76@sha256:c7d7625e6e7db202935a953946c27828dccb508ae6cf2f986287c5468612d52b"],"RepoTags":["yamlab.azurecr.io/grouper/c2englab76:20231113214928"],"SharedSize":-1,"Size":421955364,"VirtualSize":421955364},{"Containers":-1,"Created":1699926171,"Id":"sha256:d2dbddc6f059e19330a36ae84482f90334184ad3b679376a80ac6a94c9666a10","Labels":{"base.docker-init.version":"c2f7fea","base.version":"9cb4adb","com.azure.dev.image.build.sourceversion":"9cb4adb4325121d2887c2cf75de4d5dc483d572b","com.azure.dev.image.system.teamfoundationcollectionuri":"yammer","com.visualstudio.yammer.image.system.teamfoundationcollectionuri":"yammer"},"ParentId":"","RepoDigests":["yamlab.azurecr.io/grouper/c2englab76@sha256:d913b86c8ce3c21b0a36df8c1254d0d4d78b6acae177374dd3ab60fd3b76a1e4"],"RepoTags":["yamlab.azurecr.io/grouper/c2englab76:20231113174249"],"SharedSize":-1,"Size":421932487,"VirtualSize":421932487},{"Containers":-1,"Created":1699924257,"Id":"sha256:f881b4f76e0a6ce3728e8d1b8a501788006636ed32d3e669698c890ace8f6a23","Labels":{"base.docker-init.version":"c2f7fea","base.version":"9cb4adb","com.azure.dev.image.build.sourceversion":"9cb4adb4325121d2887c2cf75de4d5dc483d572b","com.azure.dev.image.system.teamfoundationcollectionuri":"yammer","com.visualstudio.yammer.image.system.teamfoundationcollectionuri":"yammer"},"ParentId":"","RepoDigests":["yamlab.azurecr.io/grouper/c2englab76@sha256:6d9ea9818fd3aee1ab4c298d53cd86599554dc996b1ac86e3b6da8518ac44005"],"RepoTags":["yamlab.azurecr.io/grouper/c2englab76:20231113171055"],"SharedSize":-1,"Size":421952409,"VirtualSize":421952409},{"Containers":-1,"Created":1699847699,"Id":"sha256:751b8432795bd168723d15e9f1feb2c2aebdceb0e5e947b2266091a21d78cfd8","Labels":{"base.docker-init.version":"c2f7fea","base.version":"9cb4adb","com.azure.dev.image.build.sourceversion":"9cb4adb4325121d2887c2cf75de4d5dc483d572b","com.azure.dev.image.system.teamfoundationcollectionuri":"yammer","com.visualstudio.yammer.image.system.teamfoundationcollectionuri":"yammer"},"ParentId":"","RepoDigests":["yamlab.azurecr.io/grouper/c2englab76@sha256:4f5ee10499de3620c1756c6feda9658662e2169aea37fe2f9cc157a37c07f287"],"RepoTags":["yamlab.azurecr.io/grouper/c2englab76:20231112195457"],"SharedSize":-1,"Size":421943266,"VirtualSize":421943266},{"Containers":-1,"Created":1699846182,"Id":"sha256:a8a288b06c76f272cbb219e37288629b0be304fcd37a6a196ef23e7ecc719968","Labels":{"base.docker-init.version":"c2f7fea","base.version":"9cb4adb","com.azure.dev.image.build.sourceversion":"9cb4adb4325121d2887c2cf75de4d5dc483d572b","com.azure.dev.image.system.teamfoundationcollectionuri":"yammer","com.visualstudio.yammer.image.system.teamfoundationcollectionuri":"yammer"},"ParentId":"","RepoDigests":["yamlab.azurecr.io/grouper/c2englab76@sha256:cce7a4de7d794e4d9bc3cbdf2aeabe361b7c8bf519079a60975b3fea3c734724"],"RepoTags":["yamlab.azurecr.io/grouper/c2englab76:20231112192940"],"SharedSize":-1,"Size":421941722,"VirtualSize":421941722},{"Containers":-1,"Created":1699845617,"Id":"sha256:7984bcc68d0b416a8819ab9d90a016d0769f55b312ff912f102645e3986ddae8","Labels":{"base.docker-init.version":"c2f7fea","base.version":"9cb4adb","com.azure.dev.image.build.sourceversion":"9cb4adb4325121d2887c2cf75de4d5dc483d572b","com.azure.dev.image.system.teamfoundationcollectionuri":"yammer","com.visualstudio.yammer.image.system.teamfoundationcollectionuri":"yammer"},"ParentId":"","RepoDigests":["yamlab.azurecr.io/grouper/c2englab76@sha256:5ac01f4b01c0fbbdc706d87148d14b4fd7cc668701a6cfea758cfca9563cbb6e"],"RepoTags":["yamlab.azur"
10:40:19.644 [main] DEBUG com.github.dockerjava.zerodep.shaded.org.apache.hc.client5.http.wire -- http-outgoing-0 << "ecr.io/grouper/c2englab76:20231112192008"],"SharedSize":-1,"Size":421822546,"VirtualSize":421822546},{"Containers":-1,"Created":1699557369,"Id":"sha256:9c2bea28dc6413c7e3a640963383e087d5e172199d5d57cfa0eb897a81ea9aff","Labels":null,"ParentId":"","RepoDigests":["mcr.microsoft.com/mirror/docker/library/postgres@sha256:09325cf697f8060f681be3111a1d6706e1ba3d91c7bcf2f038a76182cdeab92b"],"RepoTags":null,"SharedSize":-1,"Size":434535531,"VirtualSize":434535531},{"Containers":-1,"Created":1699557369,"Id":"sha256:349db9297e68532e24a72ad44a39377f6f7f7cdeffa3bc736138166639c35ee8","Labels":null,"ParentId":"","RepoDigests":["mcr.microsoft.com/mirror/docker/library/postgres@sha256:0b9a847fbd48f9c87686b83348d7a84c20ad3eec3581c16cbd62f6d9f956359e"],"RepoTags":null,"SharedSize":-1,"Size":434535543,"VirtualSize":434535543},{"Containers":-1,"Created":1697439252,"Id":"sha256:6bf8f94ac8224ebb954db60c9a14597a63a9db0a681e8e63db23c88e1986a028","Labels":null,"ParentId":"","RepoDigests":["mcr.microsoft.com/mirror/docker/library/memcached@sha256:3b23689883ca1cc81cfac20e73488d5a2a3ca2b0077cbec0bf1454d9637e2d83"],"RepoTags":null,"SharedSize":-1,"Size":125891015,"VirtualSize":125891015},{"Containers":-1,"Created":1697439252,"Id":"sha256:f05ec0c73b4afc866c99864d86b1c66deb5d8bda84bf2cc78e1e763e0ed6a263","Labels":null,"ParentId":"","RepoDigests":["mcr.microsoft.com/mirror/docker/library/memcached@sha256:6b97f5b9c427338e8f74a3b8b5645d53a7845a52969db2e0b29920d645c02ef3"],"RepoTags":null,"SharedSize":-1,"Size":125891015,"VirtualSize":125891015},{"Containers":-1,"Created":1696126478,"Id":"sha256:ab7e635a2b24371197ce359a53d98027a9d2d36d6937979cffe63f7eba4a2b52","Labels":{"devcontainer.metadata":"{\"customizations\":{\"vscode\":{\"extensions\":[\"augustocdias.tasks-shell-input\",\"vscjava.vscode-java-pack\",\"redhat.vscode-xml\",\"shengchen.vscode-checkstyle\",\"GitHub.copilot\"],\"settings\":{\"remote.containers.workspaceMountConsistency\":\"delegated\",\"files.eol\":\"\\n\"}}},\"mounts\":[\"source=yamdevcontainers_home,target=/home/vscode,type=volume\",\"source=/var/run/docker.sock,target=/var/run/docker.sock,type=bind\"],\"containerEnv\":{\"HOST_USER\":\"${env:USERNAME}${env:USER}\",\"AZURE_CONFIG_DIR\":\"/home/${env:USERNAME}${env:USER}/.azure\",\"HOST_TYPE\":\"vscode\",\"IN_DEVCONTAINER\":\"true\"},\"overrideCommand\":false}"},"ParentId":"","RepoDigests":null,"RepoTags":["vsc-graph-svc-7768b7d19f0958925710a90ead81b9099df8b40b89272f91c403675eecf4b20a:latest"],"SharedSize":-1,"Size":2730498236,"VirtualSize":2730498236},{"Containers":-1,"Created":1696126478,"Id":"sha256:af4c4297ffd122a271c5de07e17b7355453ba46a35ae4ee54bc9813c28c6306d","Labels":null,"ParentId":"","RepoDigests":["yammershared.azurecr.io/yamdevcontainer-java-17@sha256:96ba29e957025527400c34bc27f84f81fb8dc3a9d6c05fce5f34973a53c8dafe"],"RepoTags":["yammershared.azurecr.io/yamdevcontainer-java-17:latest"],"SharedSize":-1,"Size":2730498236,"VirtualSize":2730498236},{"Containers":-1,"Created":1684336517,"Id":"sha256:8be3fdcaa3e89af39fed008cb8812a360bc4aae7098c708363ad773b4ea83315","Labels":{"org.testcontainers.ryuk":"true"},"ParentId":"","RepoDigests":["testcontainers/ryuk@sha256:533abc56c07b52a26c955d1e7ae428d810582ab01c156384ae79960eb5fa0775"],"RepoTags":["testcontainers/ryuk:0.5.1"],"SharedSize":-1,"Size":12171500,"VirtualSize":12171500},{"Containers":-1,"Created":1662811774,"Id":"sha256:62d71c486891b1f30bf91c38e0c9d9cc074d9cd070624b66e78ef0577a0e3bf9","Labels":{"org.opencontainers.image.created":"2022-09-10T12:09:30Z","org.opencontainers.image.description":"toxiproxy","org.opencontainers.image.licenses":"MIT","org.opencontainers.image.revision":"30ea6dd47f0e853dd4bdd490b003b939aaa3ed9c","org.opencontainers.image.source":"https://github.com/Shopify/toxiproxy","org.opencontainers.image.title":"toxiproxy","org.opencontainers.image.url":"https://github.com/Shopify/toxiproxy","org.opencontainers.image.version":"2.5.0"},"ParentId":"","RepoDigests":["yammershared.azurecr.io/shopify/toxiproxy@sha256:927c797a2115a193ae3a527e5a36782b938419904ac6706ca0efa029ebea58cb"],"RepoTags":["yammershared.azurecr.io/shopify/toxiproxy:2.5.0"],"SharedSize":-1,"Size":17170432,"VirtualSize":17170432},{"Containers":-1,"Created":1608726294,"Id":"sha256:e2d000c231995a9d5c446fca4bdac8fd318e4c39efcbdd7ff2a60b51eba69f6c","Labels":null,"ParentId":"","RepoDigests":["testcontainers/ryuk@sha256:58345bdf4fd056f7c5b772319c444d6a8dbbbad112d60b9e8023637cda6a6e30"],"RepoTags":["testcontainers/ryuk:0.3.1"],"SharedSize":-1,"Size":11483795,"VirtualSize":11483795},{"Containers":-1,"Created":1552045593,"Id":"sha256:ef6dfd9f945a2b90bc7decf8723fa49a2b0f0be38e5c104b51bf22185b3cdf8e","Labels":null,"ParentId":"","RepoDigests":["redis@sha256:f8c22abc77f3f9cc1c2516062e4a2a71375859d7922da3faf9e4160e6ba4c3c2"],"RepoTags":["redis:5.0.3-alpine"],"SharedSize":-1,"Size":50755772,"VirtualSize":50755772},{"Containers":-1,"Created":1531300368,"Id":"sha256:458fb0aa0ea91f08d0a5bc3c722d4f36d1d4595f53363073bbaae913108dde6c","Labels":null,"ParentId":"","RepoDigests":["postgres@sha256:b8c86a81ee24b9e433a97109ab570c6f7ceed2c4a34aca4cb20ead344adc7a0c"],"RepoTags":["postgres:9.6.9-alpine"],"SharedSize":-1,"Size":37544856,"VirtualSize":37544856},{"Containers":-1,"Created":1473800015,"Id":"sha256:0e11e86800df9de40d87aecdff75123f6d303e2a4667ca4f735663f88f8e2097","Labels":{},"ParentId":"","RepoDigests":["yammershared.azurecr.io/pshaw/feedie@sha256:41ab006786791b36d7350ad9653b56e7ff49ee7631202b44b588b87a1f62e618"],"RepoTags":["yammershared.azurecr.io/pshaw/feedie:latest"],"SharedSize":-1,"Size":626553274,"VirtualSize":626553274}][\n]"
10:40:19.645 [main] DEBUG com.github.dockerjava.zerodep.shaded.org.apache.hc.client5.http.wire -- http-outgoing-0 << "[\r][\n]"
10:40:19.645 [main] DEBUG com.github.dockerjava.zerodep.shaded.org.apache.hc.client5.http.wire -- http-outgoing-0 << "0[\r][\n]"
10:40:19.645 [main] DEBUG com.github.dockerjava.zerodep.shaded.org.apache.hc.client5.http.wire -- http-outgoing-0 << "[\r][\n]"
10:40:19.645 [main] DEBUG com.github.dockerjava.zerodep.shaded.org.apache.hc.client5.http.impl.classic.InternalHttpClient -- ep-00000002: releasing valid endpoint
10:40:19.645 [main] DEBUG com.github.dockerjava.zerodep.shaded.org.apache.hc.client5.http.impl.io.PoolingHttpClientConnectionManager -- ep-00000002: releasing endpoint
10:40:19.645 [main] DEBUG com.github.dockerjava.zerodep.shaded.org.apache.hc.client5.http.impl.io.PoolingHttpClientConnectionManager -- ep-00000002: connection http-outgoing-0 can be kept alive for 3 MINUTES
10:40:19.645 [main] DEBUG com.github.dockerjava.zerodep.shaded.org.apache.hc.client5.http.impl.io.PoolingHttpClientConnectionManager -- ep-00000002: connection released [route: {}->unix://localhost:2375][total available: 1; route allocated: 1 of 2147483647; total allocated: 1 of 2147483647]
10:40:19.647 [main] DEBUG org.testcontainers.images.LocalImagesCache -- repoTags is null, skipping image: Image(created=1704851650, id=sha256:5b0ba1beb649bc3746892143c3d8b0bb3a93c0048ab87b0ba2dab632fd9ef110, parentId=, repoTags=null, repoDigests=[mcr.microsoft.com/mirror/docker/library/memcached@sha256:482b94566745f9cf2e524e5a07b6dc948a835fa1f0b35d9ee4aa923133446406], size=125837929, virtualSize=125837929, sharedSize=-1, labels=null, containers=-1)
10:40:19.647 [main] DEBUG org.testcontainers.images.LocalImagesCache -- repoTags is null, skipping image: Image(created=1704851650, id=sha256:6c8d699449910b7ac3ddf91d5426959cc2ba738af46ead998d420e59a9c436ac, parentId=, repoTags=null, repoDigests=[mcr.microsoft.com/mirror/docker/library/memcached@sha256:03931e8d8cddcfad7746ce5c02b2500b1364b7cd54a70bc8659e38489de568ec, mcr.microsoft.com/mirror/docker/library/memcached@sha256:6cfed7d42766c5152fd6755779bfce9f3c1ed3e78f12bde568af4ec9eec6533e], size=125895951, virtualSize=125895951, sharedSize=-1, labels=null, containers=-1)
10:40:19.647 [main] DEBUG org.testcontainers.images.LocalImagesCache -- repoTags is null, skipping image: Image(created=1704405160, id=sha256:d1747f0a9e884d4e2cd81b1be82de9e86fc9879f0765fb437fa3ba5ccfb72173, parentId=, repoTags=null, repoDigests=[mcr.microsoft.com/mirror/docker/library/postgres@sha256:08a22c27675249c82cac5a12f3ba4cbb374bd2d64f2fe7921faa537a782ef124], size=434921467, virtualSize=434921467, sharedSize=-1, labels=null, containers=-1)
10:40:19.647 [main] DEBUG org.testcontainers.images.LocalImagesCache -- repoTags is null, skipping image: Image(created=1704405160, id=sha256:f9e893d5c5bd896a5696582ca9325c849bafc2d584bb145db7badce3437fdc77, parentId=, repoTags=null, repoDigests=[mcr.microsoft.com/mirror/docker/library/postgres@sha256:5be64d3d8b7e95ba58227f7529894c339c0804a95b3b6760e6df7d17ae215ae1, mcr.microsoft.com/mirror/docker/library/postgres@sha256:840ab410fe06322c9041f75319d79a69765321957ff6981598374eafacb88592], size=434850125, virtualSize=434850125, sharedSize=-1, labels=null, containers=-1)
[...]
10:40:21.424 [docker-java-stream-178181167] DEBUG com.github.dockerjava.zerodep.shaded.org.apache.hc.client5.http.wire -- http-outgoing-2 << "[0x1][0x0][0x0][0x0][0x0][0x0][0x0][0x6] done[\n]"
10:40:21.424 [docker-java-stream-178181167] DEBUG com.github.dockerjava.zerodep.shaded.org.apache.hc.client5.http.wire -- http-outgoing-2 << "[0x1][0x0][0x0][0x0][0x0][0x0][0x0][0xf]server started[\n]"
10:40:21.424 [docker-java-stream-178181167] DEBUG com.github.dockerjava.zerodep.shaded.org.apache.hc.client5.http.wire -- http-outgoing-2 << "[\r][\n]"
10:40:21.424 [main] DEBUG org.testcontainers.containers.output.WaitingConsumer -- STDOUT: server started
10:40:21.424 [main] DEBUG org.testcontainers.containers.output.WaitingConsumer -- STDOUT:  done
10:40:21.469 [docker-java-stream-178181167] DEBUG com.github.dockerjava.zerodep.shaded.org.apache.hc.client5.http.wire -- http-outgoing-2 << "18[\r][\n]"
10:40:21.469 [docker-java-stream-178181167] DEBUG com.github.dockerjava.zerodep.shaded.org.apache.hc.client5.http.wire -- http-outgoing-2 << "[0x1][0x0][0x0][0x0][0x0][0x0][0x0][0x10]CREATE DATABASE[\n]"
10:40:21.469 [docker-java-stream-178181167] DEBUG com.github.dockerjava.zerodep.shaded.org.apache.hc.client5.http.wire -- http-outgoing-2 << "[\r][\n]"
10:40:21.469 [main] DEBUG org.testcontainers.containers.output.WaitingConsumer -- STDOUT: CREATE DATABASE
10:40:21.469 [docker-java-stream-178181167] DEBUG com.github.dockerjava.zerodep.shaded.org.apache.hc.client5.http.wire -- http-outgoing-2 << "6f[\r][\n]"
10:40:21.469 [docker-java-stream-178181167] DEBUG com.github.dockerjava.zerodep.shaded.org.apache.hc.client5.http.wire -- http-outgoing-2 << "[0x1][0x0][0x0][0x0][0x0][0x0][0x0][0x1][\n]"
10:40:21.469 [docker-java-stream-178181167] DEBUG com.github.dockerjava.zerodep.shaded.org.apache.hc.client5.http.wire -- http-outgoing-2 << "[0x1][0x0][0x0][0x0][0x0][0x0][0x0][0x1][\n]"
10:40:21.469 [docker-java-stream-178181167] DEBUG com.github.dockerjava.zerodep.shaded.org.apache.hc.client5.http.wire -- http-outgoing-2 << "[0x1][0x0][0x0][0x0][0x0][0x0][0x0]L/usr/local/bin/docker-entrypoint.sh: ignoring /docker-entrypoint-initdb.d/*[\n]"
10:40:21.469 [docker-java-stream-178181167] DEBUG com.github.dockerjava.zerodep.shaded.org.apache.hc.client5.http.wire -- http-outgoing-2 << "[0x1][0x0][0x0][0x0][0x0][0x0][0x0][0x1][\n]"
10:40:21.469 [docker-java-stream-178181167] DEBUG com.github.dockerjava.zerodep.shaded.org.apache.hc.client5.http.wire -- http-outgoing-2 << "[\r][\n]"
10:40:21.469 [main] DEBUG org.testcontainers.containers.output.WaitingConsumer -- STDOUT: 
10:40:21.469 [main] DEBUG org.testcontainers.containers.output.WaitingConsumer -- STDOUT: 
10:40:21.469 [main] DEBUG org.testcontainers.containers.output.WaitingConsumer -- STDOUT: /usr/local/bin/docker-entrypoint.sh: ignoring /docker-entrypoint-initdb.d/*
10:40:21.469 [main] DEBUG org.testcontainers.containers.output.WaitingConsumer -- STDOUT: 
10:40:21.470 [docker-java-stream-178181167] DEBUG com.github.dockerjava.zerodep.shaded.org.apache.hc.client5.http.wire -- http-outgoing-2 << "c1[\r][\n]"
10:40:21.470 [docker-java-stream-178181167] DEBUG com.github.dockerjava.zerodep.shaded.org.apache.hc.client5.http.wire -- http-outgoing-2 << "[0x1][0x0][0x0][0x0][0x0][0x0][0x0]iwaiting for server to shut down....2024-11-23 18:40:21.468 UTC [48] LOG:  received fast shutdown request[\n]"
10:40:21.470 [docker-java-stream-178181167] DEBUG com.github.dockerjava.zerodep.shaded.org.apache.hc.client5.http.wire -- http-outgoing-2 << "[0x1][0x0][0x0][0x0][0x0][0x0][0x0]H2024-11-23 18:40:21.468 UTC [48] LOG:  aborting any active transactions[\n]"
10:40:21.470 [docker-java-stream-178181167] DEBUG com.github.dockerjava.zerodep.shaded.org.apache.hc.client5.http.wire -- http-outgoing-2 << "[\r][\n]"
10:40:21.470 [docker-java-stream-178181167] DEBUG com.github.dockerjava.zerodep.shaded.org.apache.hc.client5.http.wire -- http-outgoing-2 << "81[\r][\n]"
10:40:21.470 [docker-java-stream-178181167] DEBUG com.github.dockerjava.zerodep.shaded.org.apache.hc.client5.http.wire -- http-outgoing-2 << "[0x1][0x0][0x0][0x0][0x0][0x0][0x0]y2024-11-23 18:40:21.469 UTC [48] LOG:  background worker "logical replication launcher" (PID 55) exited with exit code 1[\n]"
10:40:21.470 [docker-java-stream-178181167] DEBUG com.github.dockerjava.zerodep.shaded.org.apache.hc.client5.http.wire -- http-outgoing-2 << "[\r][\n]"
10:40:21.471 [docker-java-stream-178181167] DEBUG com.github.dockerjava.zerodep.shaded.org.apache.hc.client5.http.wire -- http-outgoing-2 << "3d[\r][\n]"
10:40:21.471 [docker-java-stream-178181167] DEBUG com.github.dockerjava.zerodep.shaded.org.apache.hc.client5.http.wire -- http-outgoing-2 << "[0x1][0x0][0x0][0x0][0x0][0x0][0x0]52024-11-23 18:40:21.470 UTC [50] LOG:  shutting down[\n]"
10:40:21.471 [docker-java-stream-178181167] DEBUG com.github.dockerjava.zerodep.shaded.org.apache.hc.client5.http.wire -- http-outgoing-2 << "[\r][\n]"
10:40:21.473 [docker-java-stream-178181167] DEBUG com.github.dockerjava.zerodep.shaded.org.apache.hc.client5.http.wire -- http-outgoing-2 << "4c[\r][\n]"
10:40:21.473 [docker-java-stream-178181167] DEBUG com.github.dockerjava.zerodep.shaded.org.apache.hc.client5.http.wire -- http-outgoing-2 << "[0x1][0x0][0x0][0x0][0x0][0x0][0x0]D2024-11-23 18:40:21.472 UTC [48] LOG:  database system is shut down[\n]"
10:40:21.473 [docker-java-stream-178181167] DEBUG com.github.dockerjava.zerodep.shaded.org.apache.hc.client5.http.wire -- http-outgoing-2 << "[\r][\n]"
10:40:21.481 [main] DEBUG org.testcontainers.containers.output.WaitingConsumer -- STDOUT: 2024-11-23 18:40:21.472 UTC [48] LOG:  database system is shut down
10:40:21.481 [main] DEBUG org.testcontainers.containers.output.WaitingConsumer -- STDOUT: 2024-11-23 18:40:21.470 UTC [50] LOG:  shutting down
10:40:21.481 [main] DEBUG org.testcontainers.containers.output.WaitingConsumer -- STDOUT: 2024-11-23 18:40:21.469 UTC [48] LOG:  background worker "logical replication launcher" (PID 55) exited with exit code 1
10:40:21.481 [main] DEBUG org.testcontainers.containers.output.WaitingConsumer -- STDOUT: 2024-11-23 18:40:21.468 UTC [48] LOG:  aborting any active transactions
10:40:21.481 [main] DEBUG org.testcontainers.containers.output.WaitingConsumer -- STDOUT: waiting for server to shut down....2024-11-23 18:40:21.468 UTC [48] LOG:  received fast shutdown request
10:40:21.571 [docker-java-stream-178181167] DEBUG com.github.dockerjava.zerodep.shaded.org.apache.hc.client5.http.wire -- http-outgoing-2 << "25[\r][\n]"
10:40:21.572 [docker-java-stream-178181167] DEBUG com.github.dockerjava.zerodep.shaded.org.apache.hc.client5.http.wire -- http-outgoing-2 << "[0x1][0x0][0x0][0x0][0x0][0x0][0x0][0x6] done[\n]"
10:40:21.572 [docker-java-stream-178181167] DEBUG com.github.dockerjava.zerodep.shaded.org.apache.hc.client5.http.wire -- http-outgoing-2 << "[0x1][0x0][0x0][0x0][0x0][0x0][0x0][0xf]server stopped[\n]"
10:40:21.572 [docker-java-stream-178181167] DEBUG com.github.dockerjava.zerodep.shaded.org.apache.hc.client5.http.wire -- http-outgoing-2 << "[\r][\n]"
10:40:21.572 [main] DEBUG org.testcontainers.containers.output.WaitingConsumer -- STDOUT: server stopped
10:40:21.572 [docker-java-stream-178181167] DEBUG com.github.dockerjava.zerodep.shaded.org.apache.hc.client5.http.wire -- http-outgoing-2 << "50[\r][\n]"
10:40:21.572 [docker-java-stream-178181167] DEBUG com.github.dockerjava.zerodep.shaded.org.apache.hc.client5.http.wire -- http-outgoing-2 << "[0x1][0x0][0x0][0x0][0x0][0x0][0x0][0x1][\n]"
10:40:21.572 [docker-java-stream-178181167] DEBUG com.github.dockerjava.zerodep.shaded.org.apache.hc.client5.http.wire -- http-outgoing-2 << "[0x1][0x0][0x0][0x0][0x0][0x0][0x0]6PostgreSQL init process complete; ready for start up.[\n]"
10:40:21.572 [docker-java-stream-178181167] DEBUG com.github.dockerjava.zerodep.shaded.org.apache.hc.client5.http.wire -- http-outgoing-2 << "[0x1][0x0][0x0][0x0][0x0][0x0][0x0][0x1][\n]"
10:40:21.572 [docker-java-stream-178181167] DEBUG com.github.dockerjava.zerodep.shaded.org.apache.hc.client5.http.wire -- http-outgoing-2 << "[\r][\n]"
10:40:21.572 [main] DEBUG org.testcontainers.containers.output.WaitingConsumer -- STDOUT:  done
10:40:21.572 [main] DEBUG org.testcontainers.containers.output.WaitingConsumer -- STDOUT: 
10:40:21.572 [main] DEBUG org.testcontainers.containers.output.WaitingConsumer -- STDOUT: PostgreSQL init process complete; ready for start up.
10:40:21.572 [main] DEBUG org.testcontainers.containers.output.WaitingConsumer -- STDOUT: 
10:40:21.584 [docker-java-stream-178181167] DEBUG com.github.dockerjava.zerodep.shaded.org.apache.hc.client5.http.wire -- http-outgoing-2 << "b3[\r][\n]"
10:40:21.584 [docker-java-stream-178181167] DEBUG com.github.dockerjava.zerodep.shaded.org.apache.hc.client5.http.wire -- http-outgoing-2 << "[0x2][0x0][0x0][0x0][0x0][0x0][0x0][0xffffffab]2024-11-23 18:40:21.583 UTC [1] LOG:  starting PostgreSQL 14.14 (Debian 14.14-1.pgdg120+1) on aarch64-unknown-linux-gnu, compiled by gcc (Debian 12.2.0-14) 12.2.0, 64-bit[\n]"
10:40:21.585 [docker-java-stream-178181167] DEBUG com.github.dockerjava.zerodep.shaded.org.apache.hc.client5.http.wire -- http-outgoing-2 << "[\r][\n]"
10:40:21.585 [main] DEBUG org.testcontainers.containers.output.WaitingConsumer -- STDERR: 2024-11-23 18:40:21.583 UTC [1] LOG:  starting PostgreSQL 14.14 (Debian 14.14-1.pgdg120+1) on aarch64-unknown-linux-gnu, compiled by gcc (Debian 12.2.0-14) 12.2.0, 64-bit
10:40:21.585 [docker-java-stream-178181167] DEBUG com.github.dockerjava.zerodep.shaded.org.apache.hc.client5.http.wire -- http-outgoing-2 << "b5[\r][\n]"
10:40:21.585 [docker-java-stream-178181167] DEBUG com.github.dockerjava.zerodep.shaded.org.apache.hc.client5.http.wire -- http-outgoing-2 << "[0x2][0x0][0x0][0x0][0x0][0x0][0x0]U2024-11-23 18:40:21.583 UTC [1] LOG:  listening on IPv4 address "0.0.0.0", port 5432[\n]"
10:40:21.585 [docker-java-stream-178181167] DEBUG com.github.dockerjava.zerodep.shaded.org.apache.hc.client5.http.wire -- http-outgoing-2 << "[0x2][0x0][0x0][0x0][0x0][0x0][0x0]P2024-11-23 18:40:21.583 UTC [1] LOG:  listening on IPv6 address "::", port 5432[\n]"
10:40:21.585 [docker-java-stream-178181167] DEBUG com.github.dockerjava.zerodep.shaded.org.apache.hc.client5.http.wire -- http-outgoing-2 << "[\r][\n]"
10:40:21.585 [docker-java-stream-178181167] DEBUG com.github.dockerjava.zerodep.shaded.org.apache.hc.client5.http.wire -- http-outgoing-2 << "6b[\r][\n]"
10:40:21.585 [docker-java-stream-178181167] DEBUG com.github.dockerjava.zerodep.shaded.org.apache.hc.client5.http.wire -- http-outgoing-2 << "[0x2][0x0][0x0][0x0][0x0][0x0][0x0]c2024-11-23 18:40:21.583 UTC [1] LOG:  listening on Unix socket "/var/run/postgresql/.s.PGSQL.5432"[\n]"
10:40:21.585 [docker-java-stream-178181167] DEBUG com.github.dockerjava.zerodep.shaded.org.apache.hc.client5.http.wire -- http-outgoing-2 << "[\r][\n]"
10:40:21.585 [docker-java-stream-178181167] DEBUG com.github.dockerjava.zerodep.shaded.org.apache.hc.client5.http.wire -- http-outgoing-2 << "68[\r][\n]"
10:40:21.585 [docker-java-stream-178181167] DEBUG com.github.dockerjava.zerodep.shaded.org.apache.hc.client5.http.wire -- http-outgoing-2 << "[0x2][0x0][0x0][0x0][0x0][0x0][0x0]`2024-11-23 18:40:21.584 UTC [63] LOG:  database system was shut down at 2024-11-23 18:40:21 UTC[\n]"
10:40:21.585 [docker-java-stream-178181167] DEBUG com.github.dockerjava.zerodep.shaded.org.apache.hc.client5.http.wire -- http-outgoing-2 << "[\r][\n]"
10:40:21.587 [docker-java-stream-178181167] DEBUG com.github.dockerjava.zerodep.shaded.org.apache.hc.client5.http.wire -- http-outgoing-2 << "5d[\r][\n]"
10:40:21.587 [docker-java-stream-178181167] DEBUG com.github.dockerjava.zerodep.shaded.org.apache.hc.client5.http.wire -- http-outgoing-2 << "[0x2][0x0][0x0][0x0][0x0][0x0][0x0]U2024-11-23 18:40:21.586 UTC [1] LOG:  database system is ready to accept connections[\n]"
10:40:21.587 [docker-java-stream-178181167] DEBUG com.github.dockerjava.zerodep.shaded.org.apache.hc.client5.http.wire -- http-outgoing-2 << "[\r][\n]"
10:40:21.597 [main] DEBUG org.testcontainers.containers.output.WaitingConsumer -- STDERR: 2024-11-23 18:40:21.586 UTC [1] LOG:  database system is ready to accept connections
10:40:21.598 [main] DEBUG com.github.dockerjava.zerodep.shaded.org.apache.hc.client5.http.impl.classic.InternalHttpClient -- ep-00000015: cancel
10:40:21.598 [main] DEBUG com.github.dockerjava.zerodep.shaded.org.apache.hc.client5.http.impl.io.DefaultManagedHttpClientConnection -- http-outgoing-2: close connection IMMEDIATE
10:40:21.598 [docker-java-stream-178181167] DEBUG com.github.dockerjava.zerodep.shaded.org.apache.hc.client5.http.wire -- http-outgoing-2 << "[read] I/O error: null"
10:40:21.598 [main] DEBUG com.github.dockerjava.zerodep.shaded.org.apache.hc.client5.http.impl.classic.InternalHttpClient -- ep-00000015: endpoint closed
10:40:21.598 [main] DEBUG com.github.dockerjava.zerodep.shaded.org.apache.hc.client5.http.impl.classic.InternalHttpClient -- ep-00000015: discarding endpoint
10:40:21.598 [docker-java-stream-178181167] DEBUG com.github.dockerjava.zerodep.shaded.org.apache.hc.client5.http.wire -- http-outgoing-2 << "[read] I/O error: null"
10:40:21.598 [main] DEBUG com.github.dockerjava.zerodep.shaded.org.apache.hc.client5.http.impl.io.PoolingHttpClientConnectionManager -- ep-00000015: releasing endpoint
10:40:21.598 [main] DEBUG com.github.dockerjava.zerodep.shaded.org.apache.hc.client5.http.impl.io.PoolingHttpClientConnectionManager -- ep-00000015: connection is not kept alive
10:40:21.598 [main] DEBUG com.github.dockerjava.zerodep.shaded.org.apache.hc.client5.http.impl.io.PoolingHttpClientConnectionManager -- ep-00000015: connection released [route: {}->unix://localhost:2375][total available: 0; route allocated: 0 of 2147483647; total allocated: 0 of 2147483647]
10:40:21.598 [main] INFO tc.postgres:14 -- Container postgres:14 started in PT0.79074S
10:40:21.598 [docker-java-stream-178181167] DEBUG com.github.dockerjava.zerodep.ApacheDockerHttpClientImpl$ApacheResponse -- Failed to close the response
java.nio.channels.ClosedChannelException: null
	at java.base/sun.nio.ch.SocketChannelImpl.ensureOpenAndConnected(SocketChannelImpl.java:222)
	at java.base/sun.nio.ch.SocketChannelImpl.blockingRead(SocketChannelImpl.java:1306)
	at java.base/sun.nio.ch.SocketInputStream.read(SocketInputStream.java:70)
	at com.github.dockerjava.zerodep.shaded.org.apache.hc.client5.http.impl.io.LoggingInputStream.read(LoggingInputStream.java:81)
	at com.github.dockerjava.zerodep.shaded.org.apache.hc.core5.http.impl.io.SessionInputBufferImpl.fillBuffer(SessionInputBufferImpl.java:149)
	at com.github.dockerjava.zerodep.shaded.org.apache.hc.core5.http.impl.io.SessionInputBufferImpl.readLine(SessionInputBufferImpl.java:280)
	at com.github.dockerjava.zerodep.shaded.org.apache.hc.core5.http.impl.io.ChunkedInputStream.getChunkSize(ChunkedInputStream.java:261)
	at com.github.dockerjava.zerodep.shaded.org.apache.hc.core5.http.impl.io.ChunkedInputStream.nextChunk(ChunkedInputStream.java:222)
	at com.github.dockerjava.zerodep.shaded.org.apache.hc.core5.http.impl.io.ChunkedInputStream.read(ChunkedInputStream.java:147)
	at com.github.dockerjava.zerodep.shaded.org.apache.hc.core5.http.impl.io.ChunkedInputStream.close(ChunkedInputStream.java:314)
	at com.github.dockerjava.zerodep.shaded.org.apache.hc.core5.io.Closer.close(Closer.java:48)
	at com.github.dockerjava.zerodep.shaded.org.apache.hc.core5.http.impl.io.IncomingHttpEntity.close(IncomingHttpEntity.java:111)
	at com.github.dockerjava.zerodep.shaded.org.apache.hc.core5.http.io.entity.HttpEntityWrapper.close(HttpEntityWrapper.java:120)
	at com.github.dockerjava.zerodep.shaded.org.apache.hc.core5.io.Closer.close(Closer.java:48)
	at com.github.dockerjava.zerodep.shaded.org.apache.hc.core5.http.message.BasicClassicHttpResponse.close(BasicClassicHttpResponse.java:93)
	at com.github.dockerjava.zerodep.shaded.org.apache.hc.client5.http.impl.classic.CloseableHttpResponse.close(CloseableHttpResponse.java:200)
	at com.github.dockerjava.zerodep.ApacheDockerHttpClientImpl$ApacheResponse.close(ApacheDockerHttpClientImpl.java:256)
	at org.testcontainers.shaded.com.github.dockerjava.core.DefaultInvocationBuilder.lambda$executeAndStream$1(DefaultInvocationBuilder.java:277)
	at java.base/java.lang.Thread.run(Thread.java:1583)
10:40:21.598 [main] INFO tc.postgres:14 -- Container is started (JDBC URL: jdbc:postgresql://localhost:50152/test_bestiary?loggerLevel=OFF)
]]></system-out>
  </testcase>
  <testcase name="testGetAllMonsters" classname="com.witcher.bestiary.MonsterResourceIntegrationTest" time="0.001">
    <error message="environment" type="java.lang.NullPointerException"><![CDATA[java.lang.NullPointerException: environment
	at java.base/java.util.Objects.requireNonNull(Objects.java:259)
	at io.dropwizard.testing.DropwizardTestSupport.getEnvironment(DropwizardTestSupport.java:349)
	at io.dropwizard.testing.DropwizardTestSupport.getObjectMapper(DropwizardTestSupport.java:353)
	at io.dropwizard.testing.junit5.DropwizardAppExtension.getObjectMapper(DropwizardAppExtension.java:233)
	at io.dropwizard.testing.junit5.DropwizardAppExtension.clientBuilder(DropwizardAppExtension.java:275)
	at io.dropwizard.testing.junit5.DropwizardAppExtension.client(DropwizardAppExtension.java:262)
	at com.witcher.bestiary.MonsterResourceIntegrationTest.testGetAllMonsters(MonsterResourceIntegrationTest.java:99)
	at java.base/java.lang.reflect.Method.invoke(Method.java:580)
	at java.base/java.util.ArrayList.forEach(ArrayList.java:1596)
	at java.base/java.util.ArrayList.forEach(ArrayList.java:1596)
]]></error>
  </testcase>
  <testcase name="testUpdateMonster" classname="com.witcher.bestiary.MonsterResourceIntegrationTest" time="0.001">
    <error message="environment" type="java.lang.NullPointerException"><![CDATA[java.lang.NullPointerException: environment
	at java.base/java.util.Objects.requireNonNull(Objects.java:259)
	at io.dropwizard.testing.DropwizardTestSupport.getEnvironment(DropwizardTestSupport.java:349)
	at io.dropwizard.testing.DropwizardTestSupport.getObjectMapper(DropwizardTestSupport.java:353)
	at io.dropwizard.testing.junit5.DropwizardAppExtension.getObjectMapper(DropwizardAppExtension.java:233)
	at io.dropwizard.testing.junit5.DropwizardAppExtension.clientBuilder(DropwizardAppExtension.java:275)
	at io.dropwizard.testing.junit5.DropwizardAppExtension.client(DropwizardAppExtension.java:262)
	at com.witcher.bestiary.MonsterResourceIntegrationTest.testUpdateMonster(MonsterResourceIntegrationTest.java:113)
	at java.base/java.lang.reflect.Method.invoke(Method.java:580)
	at java.base/java.util.ArrayList.forEach(ArrayList.java:1596)
	at java.base/java.util.ArrayList.forEach(ArrayList.java:1596)
]]></error>
  </testcase>
  <testcase name="testDeleteMonster" classname="com.witcher.bestiary.MonsterResourceIntegrationTest" time="0.001">
    <error message="environment" type="java.lang.NullPointerException"><![CDATA[java.lang.NullPointerException: environment
	at java.base/java.util.Objects.requireNonNull(Objects.java:259)
	at io.dropwizard.testing.DropwizardTestSupport.getEnvironment(DropwizardTestSupport.java:349)
	at io.dropwizard.testing.DropwizardTestSupport.getObjectMapper(DropwizardTestSupport.java:353)
	at io.dropwizard.testing.junit5.DropwizardAppExtension.getObjectMapper(DropwizardAppExtension.java:233)
	at io.dropwizard.testing.junit5.DropwizardAppExtension.clientBuilder(DropwizardAppExtension.java:275)
	at io.dropwizard.testing.junit5.DropwizardAppExtension.client(DropwizardAppExtension.java:262)
	at com.witcher.bestiary.MonsterResourceIntegrationTest.testDeleteMonster(MonsterResourceIntegrationTest.java:123)
	at java.base/java.lang.reflect.Method.invoke(Method.java:580)
	at java.base/java.util.ArrayList.forEach(ArrayList.java:1596)
	at java.base/java.util.ArrayList.forEach(ArrayList.java:1596)
]]></error>
  </testcase>
</testsuite>